{"C:\\Users\\alex\\source\\97-reddit\\app\\configureStore.js": {"path":"C:\\Users\\alex\\source\\97-reddit\\app\\configureStore.js","statementMap":{"0":{"start":{"line":10,"column":23},"end":{"line":10,"column":45}},"1":{"start":{"line":16,"column":22},"end":{"line":16,"column":65}},"2":{"start":{"line":18,"column":20},"end":{"line":18,"column":53}},"3":{"start":{"line":22,"column":27},"end":{"line":28,"column":13}},"4":{"start":{"line":31,"column":16},"end":{"line":31,"column":90}},"5":{"start":{"line":34,"column":2},"end":{"line":34,"column":37}},"6":{"start":{"line":35,"column":2},"end":{"line":35,"column":30}},"7":{"start":{"line":36,"column":2},"end":{"line":36,"column":27}},"8":{"start":{"line":46,"column":2},"end":{"line":46,"column":15}}},"fnMap":{"0":{"name":"configureStore","decl":{"start":{"line":12,"column":24},"end":{"line":12,"column":38}},"loc":{"start":{"line":12,"column":67},"end":{"line":47,"column":1}},"line":12}},"branchMap":{"0":{"loc":{"start":{"line":12,"column":39},"end":{"line":12,"column":56}},"type":"default-arg","locations":[{"start":{"line":12,"column":54},"end":{"line":12,"column":56}}],"line":12},"1":{"loc":{"start":{"line":22,"column":27},"end":{"line":28,"column":13}},"type":"cond-expr","locations":[{"start":{"line":23,"column":6},"end":{"line":27,"column":6}},{"start":{"line":28,"column":6},"end":{"line":28,"column":13}}],"line":22},"2":{"loc":{"start":{"line":22,"column":27},"end":{"line":22,"column":141}},"type":"binary-expr","locations":[{"start":{"line":22,"column":27},"end":{"line":22,"column":64}},{"start":{"line":22,"column":68},"end":{"line":22,"column":94}},{"start":{"line":22,"column":98},"end":{"line":22,"column":141}}],"line":22}},"s":{"0":5,"1":38,"2":38,"3":38,"4":38,"5":38,"6":38,"7":38,"8":38},"f":{"0":38},"b":{"0":[1],"1":[1,37],"2":[38,38,38]},"_coverageSchema":"43e27e138ebf9cfc5966b082cf9a028302ed4184","hash":"9a4c9e7451aa663097c71bb903d9e00997061a29"}
,"C:\\Users\\alex\\source\\97-reddit\\app\\init.js": {"path":"C:\\Users\\alex\\source\\97-reddit\\app\\init.js","statementMap":{},"fnMap":{},"branchMap":{},"s":{},"f":{},"b":{},"hash":"7dabd2ace8bc0088ca1ad0e9903a36b202ad92af"}
,"C:\\Users\\alex\\source\\97-reddit\\app\\reducers.js": {"path":"C:\\Users\\alex\\source\\97-reddit\\app\\reducers.js","statementMap":{"0":{"start":{"line":15,"column":22},"end":{"line":19,"column":4}},"1":{"start":{"line":21,"column":2},"end":{"line":21,"column":21}}},"fnMap":{"0":{"name":"createReducer","decl":{"start":{"line":14,"column":24},"end":{"line":14,"column":37}},"loc":{"start":{"line":14,"column":61},"end":{"line":22,"column":1}},"line":14}},"branchMap":{"0":{"loc":{"start":{"line":14,"column":38},"end":{"line":14,"column":59}},"type":"default-arg","locations":[{"start":{"line":14,"column":57},"end":{"line":14,"column":59}}],"line":14}},"s":{"0":43,"1":43},"f":{"0":43},"b":{"0":[38]},"_coverageSchema":"43e27e138ebf9cfc5966b082cf9a028302ed4184","hash":"460e96202015c195897fd02cd6d89355d918386e"}
,"C:\\Users\\alex\\source\\97-reddit\\app\\components\\Comment\\Comment.js": {"path":"C:\\Users\\alex\\source\\97-reddit\\app\\components\\Comment\\Comment.js","statementMap":{"0":{"start":{"line":5,"column":16},"end":{"line":58,"column":1}},"1":{"start":{"line":6,"column":16},"end":{"line":6,"column":21}},"2":{"start":{"line":7,"column":40},"end":{"line":7,"column":55}},"3":{"start":{"line":9,"column":24},"end":{"line":11,"column":3}},"4":{"start":{"line":10,"column":4},"end":{"line":10,"column":33}},"5":{"start":{"line":13,"column":2},"end":{"line":30,"column":3}},"6":{"start":{"line":14,"column":4},"end":{"line":18,"column":6}},"7":{"start":{"line":15,"column":17},"end":{"line":17,"column":7}},"8":{"start":{"line":19,"column":4},"end":{"line":29,"column":6}},"9":{"start":{"line":31,"column":18},"end":{"line":31,"column":77}},"10":{"start":{"line":31,"column":28},"end":{"line":31,"column":76}},"11":{"start":{"line":33,"column":18},"end":{"line":33,"column":79}},"12":{"start":{"line":35,"column":2},"end":{"line":57,"column":4}},"13":{"start":{"line":60,"column":0},"end":{"line":62,"column":2}}},"fnMap":{"0":{"name":"(anonymous_0)","decl":{"start":{"line":5,"column":16},"end":{"line":5,"column":17}},"loc":{"start":{"line":5,"column":33},"end":{"line":58,"column":1}},"line":5},"1":{"name":"(anonymous_1)","decl":{"start":{"line":9,"column":24},"end":{"line":9,"column":25}},"loc":{"start":{"line":9,"column":30},"end":{"line":11,"column":3}},"line":9},"2":{"name":"(anonymous_2)","decl":{"start":{"line":15,"column":6},"end":{"line":15,"column":7}},"loc":{"start":{"line":15,"column":17},"end":{"line":17,"column":7}},"line":15},"3":{"name":"(anonymous_3)","decl":{"start":{"line":31,"column":18},"end":{"line":31,"column":19}},"loc":{"start":{"line":31,"column":28},"end":{"line":31,"column":76}},"line":31}},"branchMap":{"0":{"loc":{"start":{"line":13,"column":2},"end":{"line":30,"column":3}},"type":"if","locations":[{"start":{"line":13,"column":2},"end":{"line":30,"column":3}},{"start":{"line":13,"column":2},"end":{"line":30,"column":3}}],"line":13},"1":{"loc":{"start":{"line":15,"column":17},"end":{"line":17,"column":7}},"type":"binary-expr","locations":[{"start":{"line":15,"column":17},"end":{"line":15,"column":36}},{"start":{"line":16,"column":8},"end":{"line":16,"column":72}}],"line":15},"2":{"loc":{"start":{"line":31,"column":28},"end":{"line":31,"column":76}},"type":"cond-expr","locations":[{"start":{"line":31,"column":41},"end":{"line":31,"column":70}},{"start":{"line":31,"column":73},"end":{"line":31,"column":76}}],"line":31},"3":{"loc":{"start":{"line":37,"column":39},"end":{"line":37,"column":64}},"type":"cond-expr","locations":[{"start":{"line":37,"column":53},"end":{"line":37,"column":59}},{"start":{"line":37,"column":62},"end":{"line":37,"column":64}}],"line":37}},"s":{"0":4,"1":13,"2":13,"3":13,"4":2,"5":13,"6":11,"7":12,"8":11,"9":13,"10":13,"11":13,"12":13,"13":4},"f":{"0":13,"1":2,"2":12,"3":13},"b":{"0":[11,2],"1":[12,2],"2":[1,12],"3":[1,12]},"_coverageSchema":"43e27e138ebf9cfc5966b082cf9a028302ed4184","hash":"978b0e775aee3c9e84470f6f8d251b694244af33"}
,"C:\\Users\\alex\\source\\97-reddit\\app\\components\\Comment\\index.js": {"path":"C:\\Users\\alex\\source\\97-reddit\\app\\components\\Comment\\index.js","statementMap":{},"fnMap":{},"branchMap":{},"s":{},"f":{},"b":{},"_coverageSchema":"43e27e138ebf9cfc5966b082cf9a028302ed4184","hash":"e408b9cf9dc4afd778f225c9e6addd1ded6b8ab3"}
,"C:\\Users\\alex\\source\\97-reddit\\app\\components\\CommentsList\\CommentsList.js": {"path":"C:\\Users\\alex\\source\\97-reddit\\app\\components\\CommentsList\\CommentsList.js","statementMap":{"0":{"start":{"line":7,"column":21},"end":{"line":31,"column":1}},"1":{"start":{"line":8,"column":2},"end":{"line":10,"column":3}},"2":{"start":{"line":9,"column":4},"end":{"line":9,"column":32}},"3":{"start":{"line":12,"column":2},"end":{"line":14,"column":3}},"4":{"start":{"line":13,"column":4},"end":{"line":13,"column":80}},"5":{"start":{"line":16,"column":16},"end":{"line":16,"column":27}},"6":{"start":{"line":18,"column":2},"end":{"line":24,"column":3}},"7":{"start":{"line":19,"column":4},"end":{"line":21,"column":7}},"8":{"start":{"line":20,"column":6},"end":{"line":20,"column":74}},"9":{"start":{"line":23,"column":4},"end":{"line":23,"column":36}},"10":{"start":{"line":26,"column":2},"end":{"line":30,"column":4}},"11":{"start":{"line":33,"column":0},"end":{"line":37,"column":2}}},"fnMap":{"0":{"name":"(anonymous_0)","decl":{"start":{"line":7,"column":21},"end":{"line":7,"column":22}},"loc":{"start":{"line":7,"column":55},"end":{"line":31,"column":1}},"line":7},"1":{"name":"(anonymous_1)","decl":{"start":{"line":19,"column":27},"end":{"line":19,"column":28}},"loc":{"start":{"line":20,"column":6},"end":{"line":20,"column":74}},"line":20}},"branchMap":{"0":{"loc":{"start":{"line":8,"column":2},"end":{"line":10,"column":3}},"type":"if","locations":[{"start":{"line":8,"column":2},"end":{"line":10,"column":3}},{"start":{"line":8,"column":2},"end":{"line":10,"column":3}}],"line":8},"1":{"loc":{"start":{"line":12,"column":2},"end":{"line":14,"column":3}},"type":"if","locations":[{"start":{"line":12,"column":2},"end":{"line":14,"column":3}},{"start":{"line":12,"column":2},"end":{"line":14,"column":3}}],"line":12},"2":{"loc":{"start":{"line":18,"column":2},"end":{"line":24,"column":3}},"type":"if","locations":[{"start":{"line":18,"column":2},"end":{"line":24,"column":3}},{"start":{"line":18,"column":2},"end":{"line":24,"column":3}}],"line":18},"3":{"loc":{"start":{"line":18,"column":6},"end":{"line":18,"column":33}},"type":"binary-expr","locations":[{"start":{"line":18,"column":6},"end":{"line":18,"column":14}},{"start":{"line":18,"column":18},"end":{"line":18,"column":33}}],"line":18}},"s":{"0":3,"1":5,"2":1,"3":4,"4":1,"5":3,"6":3,"7":1,"8":2,"9":2,"10":3,"11":3},"f":{"0":5,"1":2},"b":{"0":[1,4],"1":[1,3],"2":[1,2],"3":[3,2]},"_coverageSchema":"43e27e138ebf9cfc5966b082cf9a028302ed4184","hash":"1e6916f19f77f4056c6dcb8e5b899dd730332c15"}
,"C:\\Users\\alex\\source\\97-reddit\\app\\components\\CommentsList\\index.js": {"path":"C:\\Users\\alex\\source\\97-reddit\\app\\components\\CommentsList\\index.js","statementMap":{},"fnMap":{},"branchMap":{},"s":{},"f":{},"b":{},"_coverageSchema":"43e27e138ebf9cfc5966b082cf9a028302ed4184","hash":"00e14527b4e58da44be523c572012998d1176996"}
,"C:\\Users\\alex\\source\\97-reddit\\app\\components\\Footer\\Footer.js": {"path":"C:\\Users\\alex\\source\\97-reddit\\app\\components\\Footer\\Footer.js","statementMap":{"0":{"start":{"line":4,"column":15},"end":{"line":6,"column":1}},"1":{"start":{"line":5,"column":2},"end":{"line":5,"column":102}}},"fnMap":{"0":{"name":"(anonymous_0)","decl":{"start":{"line":4,"column":15},"end":{"line":4,"column":16}},"loc":{"start":{"line":5,"column":2},"end":{"line":5,"column":102}},"line":5}},"branchMap":{},"s":{"0":2,"1":1},"f":{"0":1},"b":{},"_coverageSchema":"43e27e138ebf9cfc5966b082cf9a028302ed4184","hash":"fb8ab4a6674edb749378f0ee453bc70a18be3c13"}
,"C:\\Users\\alex\\source\\97-reddit\\app\\components\\Footer\\index.js": {"path":"C:\\Users\\alex\\source\\97-reddit\\app\\components\\Footer\\index.js","statementMap":{},"fnMap":{},"branchMap":{},"s":{},"f":{},"b":{},"_coverageSchema":"43e27e138ebf9cfc5966b082cf9a028302ed4184","hash":"9ba462ced3e43748035bc3313e1e037580629128"}
,"C:\\Users\\alex\\source\\97-reddit\\app\\components\\LoadingIndicator\\LoadingIndicator.js": {"path":"C:\\Users\\alex\\source\\97-reddit\\app\\components\\LoadingIndicator\\LoadingIndicator.js","statementMap":{"0":{"start":{"line":4,"column":25},"end":{"line":15,"column":1}},"1":{"start":{"line":5,"column":2},"end":{"line":14,"column":8}}},"fnMap":{"0":{"name":"(anonymous_0)","decl":{"start":{"line":4,"column":25},"end":{"line":4,"column":26}},"loc":{"start":{"line":5,"column":2},"end":{"line":14,"column":8}},"line":5}},"branchMap":{},"s":{"0":7,"1":5},"f":{"0":5},"b":{},"_coverageSchema":"43e27e138ebf9cfc5966b082cf9a028302ed4184","hash":"c767355d665c5467546e260264fb709ec89df190"}
,"C:\\Users\\alex\\source\\97-reddit\\app\\components\\LoadingIndicator\\index.js": {"path":"C:\\Users\\alex\\source\\97-reddit\\app\\components\\LoadingIndicator\\index.js","statementMap":{},"fnMap":{},"branchMap":{},"s":{},"f":{},"b":{},"_coverageSchema":"43e27e138ebf9cfc5966b082cf9a028302ed4184","hash":"212b11827069aeb37e9bb9ee6b4d858fba438472"}
,"C:\\Users\\alex\\source\\97-reddit\\app\\components\\Post\\Post.js": {"path":"C:\\Users\\alex\\source\\97-reddit\\app\\components\\Post\\Post.js","statementMap":{"0":{"start":{"line":6,"column":13},"end":{"line":71,"column":1}},"1":{"start":{"line":7,"column":18},"end":{"line":9,"column":18}},"2":{"start":{"line":10,"column":18},"end":{"line":10,"column":77}},"3":{"start":{"line":10,"column":28},"end":{"line":10,"column":76}},"4":{"start":{"line":13,"column":2},"end":{"line":21,"column":3}},"5":{"start":{"line":14,"column":4},"end":{"line":20,"column":6}},"6":{"start":{"line":24,"column":2},"end":{"line":30,"column":3}},"7":{"start":{"line":25,"column":21},"end":{"line":25,"column":77}},"8":{"start":{"line":26,"column":4},"end":{"line":26,"column":51}},"9":{"start":{"line":27,"column":4},"end":{"line":29,"column":6}},"10":{"start":{"line":32,"column":2},"end":{"line":40,"column":3}},"11":{"start":{"line":33,"column":4},"end":{"line":39,"column":6}},"12":{"start":{"line":42,"column":19},"end":{"line":42,"column":64}},"13":{"start":{"line":44,"column":19},"end":{"line":44,"column":66}},"14":{"start":{"line":45,"column":2},"end":{"line":70,"column":4}},"15":{"start":{"line":57,"column":26},"end":{"line":57,"column":47}},"16":{"start":{"line":73,"column":0},"end":{"line":75,"column":2}}},"fnMap":{"0":{"name":"(anonymous_0)","decl":{"start":{"line":6,"column":13},"end":{"line":6,"column":14}},"loc":{"start":{"line":6,"column":27},"end":{"line":71,"column":1}},"line":6},"1":{"name":"(anonymous_1)","decl":{"start":{"line":10,"column":18},"end":{"line":10,"column":19}},"loc":{"start":{"line":10,"column":28},"end":{"line":10,"column":76}},"line":10},"2":{"name":"(anonymous_2)","decl":{"start":{"line":57,"column":17},"end":{"line":57,"column":18}},"loc":{"start":{"line":57,"column":26},"end":{"line":57,"column":47}},"line":57}},"branchMap":{"0":{"loc":{"start":{"line":10,"column":28},"end":{"line":10,"column":76}},"type":"cond-expr","locations":[{"start":{"line":10,"column":41},"end":{"line":10,"column":70}},{"start":{"line":10,"column":73},"end":{"line":10,"column":76}}],"line":10},"1":{"loc":{"start":{"line":13,"column":2},"end":{"line":21,"column":3}},"type":"if","locations":[{"start":{"line":13,"column":2},"end":{"line":21,"column":3}},{"start":{"line":13,"column":2},"end":{"line":21,"column":3}}],"line":13},"2":{"loc":{"start":{"line":24,"column":2},"end":{"line":30,"column":3}},"type":"if","locations":[{"start":{"line":24,"column":2},"end":{"line":30,"column":3}},{"start":{"line":24,"column":2},"end":{"line":30,"column":3}}],"line":24},"3":{"loc":{"start":{"line":24,"column":6},"end":{"line":24,"column":58}},"type":"binary-expr","locations":[{"start":{"line":24,"column":6},"end":{"line":24,"column":23}},{"start":{"line":24,"column":27},"end":{"line":24,"column":58}}],"line":24},"4":{"loc":{"start":{"line":32,"column":2},"end":{"line":40,"column":3}},"type":"if","locations":[{"start":{"line":32,"column":2},"end":{"line":40,"column":3}},{"start":{"line":32,"column":2},"end":{"line":40,"column":3}}],"line":32},"5":{"loc":{"start":{"line":32,"column":6},"end":{"line":32,"column":63}},"type":"binary-expr","locations":[{"start":{"line":32,"column":6},"end":{"line":32,"column":21}},{"start":{"line":32,"column":25},"end":{"line":32,"column":63}}],"line":32},"6":{"loc":{"start":{"line":42,"column":20},"end":{"line":42,"column":45}},"type":"binary-expr","locations":[{"start":{"line":42,"column":20},"end":{"line":42,"column":39}},{"start":{"line":42,"column":43},"end":{"line":42,"column":45}}],"line":42},"7":{"loc":{"start":{"line":46,"column":38},"end":{"line":46,"column":59}},"type":"binary-expr","locations":[{"start":{"line":46,"column":38},"end":{"line":46,"column":46}},{"start":{"line":46,"column":50},"end":{"line":46,"column":59}}],"line":46}},"s":{"0":6,"1":11,"2":11,"3":22,"4":11,"5":9,"6":11,"7":1,"8":1,"9":1,"10":11,"11":1,"12":11,"13":11,"14":11,"15":1,"16":6},"f":{"0":11,"1":22,"2":1},"b":{"0":[10,12],"1":[9,2],"2":[1,10],"3":[11,9],"4":[1,10],"5":[11,9],"6":[11,9],"7":[11,9]},"_coverageSchema":"43e27e138ebf9cfc5966b082cf9a028302ed4184","hash":"e810dc4de2c834e128b9bb8c0f2e09feb0002193"}
,"C:\\Users\\alex\\source\\97-reddit\\app\\components\\Post\\index.js": {"path":"C:\\Users\\alex\\source\\97-reddit\\app\\components\\Post\\index.js","statementMap":{},"fnMap":{},"branchMap":{},"s":{},"f":{},"b":{},"_coverageSchema":"43e27e138ebf9cfc5966b082cf9a028302ed4184","hash":"e6d638d4d730b0d71912b5fcc9da33823bc83875"}
,"C:\\Users\\alex\\source\\97-reddit\\app\\components\\PostItem\\PostItem.js": {"path":"C:\\Users\\alex\\source\\97-reddit\\app\\components\\PostItem\\PostItem.js","statementMap":{"0":{"start":{"line":9,"column":17},"end":{"line":15,"column":1}},"1":{"start":{"line":10,"column":2},"end":{"line":14,"column":7}},"2":{"start":{"line":17,"column":0},"end":{"line":19,"column":2}}},"fnMap":{"0":{"name":"(anonymous_0)","decl":{"start":{"line":9,"column":17},"end":{"line":9,"column":18}},"loc":{"start":{"line":10,"column":2},"end":{"line":14,"column":7}},"line":10}},"branchMap":{},"s":{"0":3,"1":2,"2":3},"f":{"0":2},"b":{},"_coverageSchema":"43e27e138ebf9cfc5966b082cf9a028302ed4184","hash":"76c3d1c02366b373265c67f123e4c17eb7d2346d"}
,"C:\\Users\\alex\\source\\97-reddit\\app\\components\\PostItem\\index.js": {"path":"C:\\Users\\alex\\source\\97-reddit\\app\\components\\PostItem\\index.js","statementMap":{},"fnMap":{},"branchMap":{},"s":{},"f":{},"b":{},"_coverageSchema":"43e27e138ebf9cfc5966b082cf9a028302ed4184","hash":"8f628703dc20c5a38ba4514574c6a249c1f5b605"}
,"C:\\Users\\alex\\source\\97-reddit\\app\\components\\PostPod\\PostPod.js": {"path":"C:\\Users\\alex\\source\\97-reddit\\app\\components\\PostPod\\PostPod.js","statementMap":{"0":{"start":{"line":10,"column":16},"end":{"line":30,"column":1}},"1":{"start":{"line":13,"column":2},"end":{"line":15,"column":3}},"2":{"start":{"line":14,"column":4},"end":{"line":14,"column":80}},"3":{"start":{"line":17,"column":2},"end":{"line":19,"column":3}},"4":{"start":{"line":18,"column":4},"end":{"line":18,"column":32}},"5":{"start":{"line":21,"column":20},"end":{"line":21,"column":44}},"6":{"start":{"line":22,"column":28},"end":{"line":22,"column":56}},"7":{"start":{"line":24,"column":2},"end":{"line":29,"column":4}},"8":{"start":{"line":32,"column":0},"end":{"line":37,"column":2}}},"fnMap":{"0":{"name":"(anonymous_0)","decl":{"start":{"line":10,"column":16},"end":{"line":10,"column":17}},"loc":{"start":{"line":12,"column":6},"end":{"line":30,"column":1}},"line":12}},"branchMap":{"0":{"loc":{"start":{"line":13,"column":2},"end":{"line":15,"column":3}},"type":"if","locations":[{"start":{"line":13,"column":2},"end":{"line":15,"column":3}},{"start":{"line":13,"column":2},"end":{"line":15,"column":3}}],"line":13},"1":{"loc":{"start":{"line":17,"column":2},"end":{"line":19,"column":3}},"type":"if","locations":[{"start":{"line":17,"column":2},"end":{"line":19,"column":3}},{"start":{"line":17,"column":2},"end":{"line":19,"column":3}}],"line":17},"2":{"loc":{"start":{"line":17,"column":6},"end":{"line":17,"column":22}},"type":"binary-expr","locations":[{"start":{"line":17,"column":6},"end":{"line":17,"column":13}},{"start":{"line":17,"column":17},"end":{"line":17,"column":22}}],"line":17}},"s":{"0":2,"1":4,"2":2,"3":2,"4":1,"5":1,"6":1,"7":1,"8":2},"f":{"0":4},"b":{"0":[2,2],"1":[1,1],"2":[2,1]},"_coverageSchema":"43e27e138ebf9cfc5966b082cf9a028302ed4184","hash":"7df4e471453eb4b22cbeb5f21b9d571f27fd2509"}
,"C:\\Users\\alex\\source\\97-reddit\\app\\components\\PostPod\\index.js": {"path":"C:\\Users\\alex\\source\\97-reddit\\app\\components\\PostPod\\index.js","statementMap":{},"fnMap":{},"branchMap":{},"s":{},"f":{},"b":{},"_coverageSchema":"43e27e138ebf9cfc5966b082cf9a028302ed4184","hash":"03442cb33201cbc9ed0711a9b174704bd681aab3"}
,"C:\\Users\\alex\\source\\97-reddit\\app\\components\\PostsList\\PostsList.js": {"path":"C:\\Users\\alex\\source\\97-reddit\\app\\components\\PostsList\\PostsList.js","statementMap":{"0":{"start":{"line":9,"column":18},"end":{"line":32,"column":1}},"1":{"start":{"line":10,"column":2},"end":{"line":12,"column":3}},"2":{"start":{"line":11,"column":4},"end":{"line":11,"column":32}},"3":{"start":{"line":14,"column":2},"end":{"line":16,"column":3}},"4":{"start":{"line":15,"column":4},"end":{"line":15,"column":80}},"5":{"start":{"line":21,"column":2},"end":{"line":25,"column":3}},"6":{"start":{"line":22,"column":4},"end":{"line":24,"column":7}},"7":{"start":{"line":23,"column":6},"end":{"line":23,"column":61}},"8":{"start":{"line":27,"column":2},"end":{"line":31,"column":4}},"9":{"start":{"line":34,"column":0},"end":{"line":38,"column":2}}},"fnMap":{"0":{"name":"(anonymous_0)","decl":{"start":{"line":9,"column":18},"end":{"line":9,"column":19}},"loc":{"start":{"line":9,"column":49},"end":{"line":32,"column":1}},"line":9},"1":{"name":"(anonymous_1)","decl":{"start":{"line":22,"column":24},"end":{"line":22,"column":25}},"loc":{"start":{"line":23,"column":6},"end":{"line":23,"column":61}},"line":23}},"branchMap":{"0":{"loc":{"start":{"line":10,"column":2},"end":{"line":12,"column":3}},"type":"if","locations":[{"start":{"line":10,"column":2},"end":{"line":12,"column":3}},{"start":{"line":10,"column":2},"end":{"line":12,"column":3}}],"line":10},"1":{"loc":{"start":{"line":14,"column":2},"end":{"line":16,"column":3}},"type":"if","locations":[{"start":{"line":14,"column":2},"end":{"line":16,"column":3}},{"start":{"line":14,"column":2},"end":{"line":16,"column":3}}],"line":14},"2":{"loc":{"start":{"line":21,"column":2},"end":{"line":25,"column":3}},"type":"if","locations":[{"start":{"line":21,"column":2},"end":{"line":25,"column":3}},{"start":{"line":21,"column":2},"end":{"line":25,"column":3}}],"line":21},"3":{"loc":{"start":{"line":21,"column":6},"end":{"line":21,"column":27}},"type":"binary-expr","locations":[{"start":{"line":21,"column":6},"end":{"line":21,"column":11}},{"start":{"line":21,"column":15},"end":{"line":21,"column":27}}],"line":21}},"s":{"0":2,"1":4,"2":1,"3":3,"4":2,"5":1,"6":1,"7":1,"8":1,"9":2},"f":{"0":4,"1":1},"b":{"0":[1,3],"1":[2,1],"2":[1,0],"3":[1,1]},"_coverageSchema":"43e27e138ebf9cfc5966b082cf9a028302ed4184","hash":"01ce62c6fb998c3dad2cd06137570ad9d362bd5b"}
,"C:\\Users\\alex\\source\\97-reddit\\app\\components\\PostsList\\index.js": {"path":"C:\\Users\\alex\\source\\97-reddit\\app\\components\\PostsList\\index.js","statementMap":{},"fnMap":{},"branchMap":{},"s":{},"f":{},"b":{},"_coverageSchema":"43e27e138ebf9cfc5966b082cf9a028302ed4184","hash":"6095273add617b284ee6c51532df11a66900acc3"}
,"C:\\Users\\alex\\source\\97-reddit\\app\\containers\\App\\App.js": {"path":"C:\\Users\\alex\\source\\97-reddit\\app\\containers\\App\\App.js","statementMap":{"0":{"start":{"line":20,"column":12},"end":{"line":37,"column":1}},"1":{"start":{"line":21,"column":2},"end":{"line":36,"column":8}}},"fnMap":{"0":{"name":"(anonymous_0)","decl":{"start":{"line":20,"column":12},"end":{"line":20,"column":13}},"loc":{"start":{"line":21,"column":2},"end":{"line":36,"column":8}},"line":21}},"branchMap":{},"s":{"0":1,"1":3},"f":{"0":3},"b":{},"_coverageSchema":"43e27e138ebf9cfc5966b082cf9a028302ed4184","hash":"f148ecf806ae190358278c971ef40c7516988b96"}
,"C:\\Users\\alex\\source\\97-reddit\\app\\containers\\App\\actions.js": {"path":"C:\\Users\\alex\\source\\97-reddit\\app\\containers\\App\\actions.js","statementMap":{"0":{"start":{"line":34,"column":2},"end":{"line":37,"column":4}},"1":{"start":{"line":46,"column":2},"end":{"line":49,"column":4}},"2":{"start":{"line":60,"column":2},"end":{"line":64,"column":4}},"3":{"start":{"line":75,"column":2},"end":{"line":78,"column":4}},"4":{"start":{"line":87,"column":2},"end":{"line":90,"column":4}},"5":{"start":{"line":102,"column":2},"end":{"line":106,"column":4}},"6":{"start":{"line":117,"column":2},"end":{"line":120,"column":4}}},"fnMap":{"0":{"name":"changeMode","decl":{"start":{"line":33,"column":16},"end":{"line":33,"column":26}},"loc":{"start":{"line":33,"column":33},"end":{"line":38,"column":1}},"line":33},"1":{"name":"loadPosts","decl":{"start":{"line":45,"column":16},"end":{"line":45,"column":25}},"loc":{"start":{"line":45,"column":32},"end":{"line":50,"column":1}},"line":45},"2":{"name":"postsLoaded","decl":{"start":{"line":59,"column":16},"end":{"line":59,"column":27}},"loc":{"start":{"line":59,"column":42},"end":{"line":65,"column":1}},"line":59},"3":{"name":"postsLoadingError","decl":{"start":{"line":74,"column":16},"end":{"line":74,"column":33}},"loc":{"start":{"line":74,"column":41},"end":{"line":79,"column":1}},"line":74},"4":{"name":"loadPost","decl":{"start":{"line":86,"column":16},"end":{"line":86,"column":24}},"loc":{"start":{"line":86,"column":30},"end":{"line":91,"column":1}},"line":86},"5":{"name":"postLoaded","decl":{"start":{"line":101,"column":16},"end":{"line":101,"column":26}},"loc":{"start":{"line":101,"column":43},"end":{"line":107,"column":1}},"line":101},"6":{"name":"postLoadingError","decl":{"start":{"line":116,"column":16},"end":{"line":116,"column":32}},"loc":{"start":{"line":116,"column":40},"end":{"line":121,"column":1}},"line":116}},"branchMap":{},"s":{"0":4,"1":8,"2":4,"3":4,"4":4,"5":4,"6":4},"f":{"0":4,"1":8,"2":4,"3":4,"4":4,"5":4,"6":4},"b":{},"_coverageSchema":"43e27e138ebf9cfc5966b082cf9a028302ed4184","hash":"844f6a637acac5dcb777eba636a70589e4250519"}
,"C:\\Users\\alex\\source\\97-reddit\\app\\containers\\App\\constants.js": {"path":"C:\\Users\\alex\\source\\97-reddit\\app\\containers\\App\\constants.js","statementMap":{"0":{"start":{"line":12,"column":27},"end":{"line":12,"column":54}},"1":{"start":{"line":13,"column":25},"end":{"line":13,"column":50}},"2":{"start":{"line":14,"column":33},"end":{"line":14,"column":66}},"3":{"start":{"line":15,"column":31},"end":{"line":15,"column":62}},"4":{"start":{"line":16,"column":26},"end":{"line":16,"column":52}},"5":{"start":{"line":17,"column":34},"end":{"line":17,"column":68}},"6":{"start":{"line":18,"column":32},"end":{"line":18,"column":64}},"7":{"start":{"line":19,"column":30},"end":{"line":19,"column":34}}},"fnMap":{},"branchMap":{},"s":{"0":14,"1":14,"2":14,"3":14,"4":14,"5":14,"6":14,"7":14},"f":{},"b":{},"_coverageSchema":"43e27e138ebf9cfc5966b082cf9a028302ed4184","hash":"974b98970c3369e6cf3443da3ab8d128691cf938"}
,"C:\\Users\\alex\\source\\97-reddit\\app\\containers\\App\\index.js": {"path":"C:\\Users\\alex\\source\\97-reddit\\app\\containers\\App\\index.js","statementMap":{},"fnMap":{},"branchMap":{},"s":{},"f":{},"b":{},"_coverageSchema":"43e27e138ebf9cfc5966b082cf9a028302ed4184","hash":"206d5e493dd6c1bbe862c6717af2416e65e929ac"}
,"C:\\Users\\alex\\source\\97-reddit\\app\\containers\\App\\reducer.js": {"path":"C:\\Users\\alex\\source\\97-reddit\\app\\containers\\App\\reducer.js","statementMap":{"0":{"start":{"line":12,"column":28},"end":{"line":22,"column":1}},"1":{"start":{"line":25,"column":2},"end":{"line":87,"column":3}},"2":{"start":{"line":27,"column":23},"end":{"line":30,"column":7}},"3":{"start":{"line":32,"column":6},"end":{"line":32,"column":22}},"4":{"start":{"line":36,"column":25},"end":{"line":36,"column":51}},"5":{"start":{"line":38,"column":23},"end":{"line":44,"column":7}},"6":{"start":{"line":46,"column":6},"end":{"line":46,"column":22}},"7":{"start":{"line":49,"column":23},"end":{"line":54,"column":7}},"8":{"start":{"line":55,"column":6},"end":{"line":55,"column":22}},"9":{"start":{"line":59,"column":6},"end":{"line":59,"column":63}},"10":{"start":{"line":62,"column":23},"end":{"line":68,"column":7}},"11":{"start":{"line":70,"column":6},"end":{"line":70,"column":22}},"12":{"start":{"line":73,"column":23},"end":{"line":78,"column":7}},"13":{"start":{"line":79,"column":6},"end":{"line":79,"column":22}},"14":{"start":{"line":83,"column":6},"end":{"line":83,"column":63}},"15":{"start":{"line":86,"column":6},"end":{"line":86,"column":19}}},"fnMap":{"0":{"name":"appReducer","decl":{"start":{"line":24,"column":9},"end":{"line":24,"column":19}},"loc":{"start":{"line":24,"column":50},"end":{"line":88,"column":1}},"line":24}},"branchMap":{"0":{"loc":{"start":{"line":24,"column":20},"end":{"line":24,"column":40}},"type":"default-arg","locations":[{"start":{"line":24,"column":28},"end":{"line":24,"column":40}}],"line":24},"1":{"loc":{"start":{"line":25,"column":2},"end":{"line":87,"column":3}},"type":"switch","locations":[{"start":{"line":26,"column":4},"end":{"line":33,"column":5}},{"start":{"line":35,"column":4},"end":{"line":47,"column":5}},{"start":{"line":48,"column":4},"end":{"line":56,"column":5}},{"start":{"line":58,"column":4},"end":{"line":60,"column":5}},{"start":{"line":61,"column":4},"end":{"line":71,"column":5}},{"start":{"line":72,"column":4},"end":{"line":80,"column":5}},{"start":{"line":82,"column":4},"end":{"line":84,"column":5}},{"start":{"line":85,"column":4},"end":{"line":86,"column":19}}],"line":25},"2":{"loc":{"start":{"line":42,"column":15},"end":{"line":42,"column":47}},"type":"cond-expr","locations":[{"start":{"line":42,"column":28},"end":{"line":42,"column":33}},{"start":{"line":42,"column":36},"end":{"line":42,"column":47}}],"line":42},"3":{"loc":{"start":{"line":43,"column":14},"end":{"line":43,"column":66}},"type":"cond-expr","locations":[{"start":{"line":43,"column":42},"end":{"line":43,"column":52}},{"start":{"line":43,"column":55},"end":{"line":43,"column":66}}],"line":43},"4":{"loc":{"start":{"line":52,"column":16},"end":{"line":52,"column":51}},"type":"cond-expr","locations":[{"start":{"line":52,"column":35},"end":{"line":52,"column":37}},{"start":{"line":52,"column":40},"end":{"line":52,"column":51}}],"line":52}},"s":{"0":12,"1":142,"2":1,"3":1,"4":1,"5":1,"6":1,"7":1,"8":1,"9":1,"10":1,"11":1,"12":1,"13":1,"14":1,"15":135},"f":{"0":142},"b":{"0":[125],"1":[1,1,1,1,1,1,1,135],"2":[1,0],"3":[1,0],"4":[0,1]},"_coverageSchema":"43e27e138ebf9cfc5966b082cf9a028302ed4184","hash":"5c567f9009207a77b28dc238d0df227745cf2165"}
,"C:\\Users\\alex\\source\\97-reddit\\app\\containers\\App\\selectors.js": {"path":"C:\\Users\\alex\\source\\97-reddit\\app\\containers\\App\\selectors.js","statementMap":{"0":{"start":{"line":4,"column":21},"end":{"line":4,"column":60}},"1":{"start":{"line":4,"column":32},"end":{"line":4,"column":60}},"2":{"start":{"line":6,"column":20},"end":{"line":6,"column":43}},"3":{"start":{"line":6,"column":31},"end":{"line":6,"column":43}},"4":{"start":{"line":8,"column":26},"end":{"line":11,"column":1}},"5":{"start":{"line":8,"column":32},"end":{"line":11,"column":1}},"6":{"start":{"line":10,"column":19},"end":{"line":10,"column":38}},"7":{"start":{"line":13,"column":24},"end":{"line":16,"column":1}},"8":{"start":{"line":13,"column":30},"end":{"line":16,"column":1}},"9":{"start":{"line":15,"column":19},"end":{"line":15,"column":36}},"10":{"start":{"line":18,"column":23},"end":{"line":21,"column":1}},"11":{"start":{"line":18,"column":29},"end":{"line":21,"column":1}},"12":{"start":{"line":20,"column":19},"end":{"line":20,"column":35}},"13":{"start":{"line":23,"column":23},"end":{"line":26,"column":1}},"14":{"start":{"line":23,"column":29},"end":{"line":26,"column":1}},"15":{"start":{"line":25,"column":19},"end":{"line":25,"column":35}},"16":{"start":{"line":28,"column":24},"end":{"line":31,"column":1}},"17":{"start":{"line":28,"column":30},"end":{"line":31,"column":1}},"18":{"start":{"line":30,"column":19},"end":{"line":30,"column":36}},"19":{"start":{"line":33,"column":24},"end":{"line":36,"column":1}},"20":{"start":{"line":33,"column":30},"end":{"line":36,"column":1}},"21":{"start":{"line":35,"column":19},"end":{"line":35,"column":42}},"22":{"start":{"line":38,"column":23},"end":{"line":41,"column":1}},"23":{"start":{"line":38,"column":29},"end":{"line":41,"column":1}},"24":{"start":{"line":40,"column":19},"end":{"line":40,"column":35}},"25":{"start":{"line":43,"column":27},"end":{"line":46,"column":1}},"26":{"start":{"line":43,"column":33},"end":{"line":46,"column":1}},"27":{"start":{"line":45,"column":19},"end":{"line":45,"column":39}},"28":{"start":{"line":48,"column":27},"end":{"line":51,"column":1}},"29":{"start":{"line":48,"column":33},"end":{"line":51,"column":1}},"30":{"start":{"line":50,"column":18},"end":{"line":50,"column":37}}},"fnMap":{"0":{"name":"(anonymous_0)","decl":{"start":{"line":4,"column":21},"end":{"line":4,"column":22}},"loc":{"start":{"line":4,"column":32},"end":{"line":4,"column":60}},"line":4},"1":{"name":"(anonymous_1)","decl":{"start":{"line":6,"column":20},"end":{"line":6,"column":21}},"loc":{"start":{"line":6,"column":31},"end":{"line":6,"column":43}},"line":6},"2":{"name":"(anonymous_2)","decl":{"start":{"line":8,"column":26},"end":{"line":8,"column":27}},"loc":{"start":{"line":8,"column":32},"end":{"line":11,"column":1}},"line":8},"3":{"name":"(anonymous_3)","decl":{"start":{"line":10,"column":2},"end":{"line":10,"column":3}},"loc":{"start":{"line":10,"column":19},"end":{"line":10,"column":38}},"line":10},"4":{"name":"(anonymous_4)","decl":{"start":{"line":13,"column":24},"end":{"line":13,"column":25}},"loc":{"start":{"line":13,"column":30},"end":{"line":16,"column":1}},"line":13},"5":{"name":"(anonymous_5)","decl":{"start":{"line":15,"column":2},"end":{"line":15,"column":3}},"loc":{"start":{"line":15,"column":19},"end":{"line":15,"column":36}},"line":15},"6":{"name":"(anonymous_6)","decl":{"start":{"line":18,"column":23},"end":{"line":18,"column":24}},"loc":{"start":{"line":18,"column":29},"end":{"line":21,"column":1}},"line":18},"7":{"name":"(anonymous_7)","decl":{"start":{"line":20,"column":2},"end":{"line":20,"column":3}},"loc":{"start":{"line":20,"column":19},"end":{"line":20,"column":35}},"line":20},"8":{"name":"(anonymous_8)","decl":{"start":{"line":23,"column":23},"end":{"line":23,"column":24}},"loc":{"start":{"line":23,"column":29},"end":{"line":26,"column":1}},"line":23},"9":{"name":"(anonymous_9)","decl":{"start":{"line":25,"column":2},"end":{"line":25,"column":3}},"loc":{"start":{"line":25,"column":19},"end":{"line":25,"column":35}},"line":25},"10":{"name":"(anonymous_10)","decl":{"start":{"line":28,"column":24},"end":{"line":28,"column":25}},"loc":{"start":{"line":28,"column":30},"end":{"line":31,"column":1}},"line":28},"11":{"name":"(anonymous_11)","decl":{"start":{"line":30,"column":2},"end":{"line":30,"column":3}},"loc":{"start":{"line":30,"column":19},"end":{"line":30,"column":36}},"line":30},"12":{"name":"(anonymous_12)","decl":{"start":{"line":33,"column":24},"end":{"line":33,"column":25}},"loc":{"start":{"line":33,"column":30},"end":{"line":36,"column":1}},"line":33},"13":{"name":"(anonymous_13)","decl":{"start":{"line":35,"column":2},"end":{"line":35,"column":3}},"loc":{"start":{"line":35,"column":19},"end":{"line":35,"column":42}},"line":35},"14":{"name":"(anonymous_14)","decl":{"start":{"line":38,"column":23},"end":{"line":38,"column":24}},"loc":{"start":{"line":38,"column":29},"end":{"line":41,"column":1}},"line":38},"15":{"name":"(anonymous_15)","decl":{"start":{"line":40,"column":2},"end":{"line":40,"column":3}},"loc":{"start":{"line":40,"column":19},"end":{"line":40,"column":35}},"line":40},"16":{"name":"(anonymous_16)","decl":{"start":{"line":43,"column":27},"end":{"line":43,"column":28}},"loc":{"start":{"line":43,"column":33},"end":{"line":46,"column":1}},"line":43},"17":{"name":"(anonymous_17)","decl":{"start":{"line":45,"column":2},"end":{"line":45,"column":3}},"loc":{"start":{"line":45,"column":19},"end":{"line":45,"column":39}},"line":45},"18":{"name":"(anonymous_18)","decl":{"start":{"line":48,"column":27},"end":{"line":48,"column":28}},"loc":{"start":{"line":48,"column":33},"end":{"line":51,"column":1}},"line":48},"19":{"name":"(anonymous_19)","decl":{"start":{"line":50,"column":2},"end":{"line":50,"column":3}},"loc":{"start":{"line":50,"column":18},"end":{"line":50,"column":37}},"line":50}},"branchMap":{"0":{"loc":{"start":{"line":4,"column":32},"end":{"line":4,"column":60}},"type":"binary-expr","locations":[{"start":{"line":4,"column":32},"end":{"line":4,"column":44}},{"start":{"line":4,"column":48},"end":{"line":4,"column":60}}],"line":4},"1":{"loc":{"start":{"line":35,"column":19},"end":{"line":35,"column":42}},"type":"binary-expr","locations":[{"start":{"line":35,"column":19},"end":{"line":35,"column":36}},{"start":{"line":35,"column":40},"end":{"line":35,"column":42}}],"line":35}},"s":{"0":6,"1":9,"2":6,"3":1,"4":6,"5":2,"6":1,"7":6,"8":3,"9":1,"10":6,"11":4,"12":1,"13":6,"14":3,"15":1,"16":6,"17":2,"18":1,"19":6,"20":3,"21":1,"22":6,"23":2,"24":1,"25":6,"26":2,"27":1,"28":6,"29":1,"30":1},"f":{"0":9,"1":1,"2":2,"3":1,"4":3,"5":1,"6":4,"7":1,"8":3,"9":1,"10":2,"11":1,"12":3,"13":1,"14":2,"15":1,"16":2,"17":1,"18":1,"19":1},"b":{"0":[9,0],"1":[1,0]},"_coverageSchema":"43e27e138ebf9cfc5966b082cf9a028302ed4184","hash":"b59c60c23de4cc1cc200313175c4ef4ff8045b54"}
,"C:\\Users\\alex\\source\\97-reddit\\app\\containers\\Header\\Header.js": {"path":"C:\\Users\\alex\\source\\97-reddit\\app\\containers\\Header\\Header.js","statementMap":{"0":{"start":{"line":15,"column":8},"end":{"line":15,"column":18}},"1":{"start":{"line":16,"column":18},"end":{"line":20,"column":5}},"2":{"start":{"line":22,"column":19},"end":{"line":31,"column":6}},"3":{"start":{"line":23,"column":6},"end":{"line":30,"column":13}},"4":{"start":{"line":33,"column":22},"end":{"line":37,"column":5}},"5":{"start":{"line":38,"column":18},"end":{"line":48,"column":6}},"6":{"start":{"line":39,"column":6},"end":{"line":47,"column":15}},"7":{"start":{"line":50,"column":4},"end":{"line":59,"column":6}},"8":{"start":{"line":63,"column":0},"end":{"line":68,"column":2}}},"fnMap":{"0":{"name":"(anonymous_0)","decl":{"start":{"line":12,"column":2},"end":{"line":12,"column":3}},"loc":{"start":{"line":12,"column":11},"end":{"line":60,"column":3}},"line":12},"1":{"name":"(anonymous_1)","decl":{"start":{"line":22,"column":29},"end":{"line":22,"column":30}},"loc":{"start":{"line":23,"column":6},"end":{"line":30,"column":13}},"line":23},"2":{"name":"(anonymous_2)","decl":{"start":{"line":38,"column":32},"end":{"line":38,"column":33}},"loc":{"start":{"line":39,"column":6},"end":{"line":47,"column":15}},"line":39}},"branchMap":{"0":{"loc":{"start":{"line":25,"column":34},"end":{"line":25,"column":64}},"type":"cond-expr","locations":[{"start":{"line":25,"column":51},"end":{"line":25,"column":59}},{"start":{"line":25,"column":62},"end":{"line":25,"column":64}}],"line":25},"1":{"loc":{"start":{"line":43,"column":19},"end":{"line":43,"column":45}},"type":"binary-expr","locations":[{"start":{"line":43,"column":19},"end":{"line":43,"column":33}},{"start":{"line":43,"column":37},"end":{"line":43,"column":45}}],"line":43}},"s":{"0":1,"1":1,"2":1,"3":3,"4":1,"5":1,"6":3,"7":1,"8":2},"f":{"0":1,"1":3,"2":3},"b":{"0":[1,2],"1":[3,0]},"_coverageSchema":"43e27e138ebf9cfc5966b082cf9a028302ed4184","hash":"8277e5bb3fd8329d21a61a801a43c8f3472b48ac"}
,"C:\\Users\\alex\\source\\97-reddit\\app\\containers\\Header\\index.js": {"path":"C:\\Users\\alex\\source\\97-reddit\\app\\containers\\Header\\index.js","statementMap":{"0":{"start":{"line":8,"column":27},"end":{"line":15,"column":2}},"1":{"start":{"line":8,"column":42},"end":{"line":15,"column":1}},"2":{"start":{"line":9,"column":24},"end":{"line":11,"column":3}},"3":{"start":{"line":10,"column":4},"end":{"line":10,"column":30}},"4":{"start":{"line":12,"column":24},"end":{"line":14,"column":3}},"5":{"start":{"line":13,"column":4},"end":{"line":13,"column":31}},"6":{"start":{"line":17,"column":24},"end":{"line":20,"column":2}},"7":{"start":{"line":22,"column":20},"end":{"line":25,"column":1}}},"fnMap":{"0":{"name":"(anonymous_0)","decl":{"start":{"line":8,"column":27},"end":{"line":8,"column":28}},"loc":{"start":{"line":8,"column":42},"end":{"line":15,"column":1}},"line":8},"1":{"name":"(anonymous_1)","decl":{"start":{"line":9,"column":14},"end":{"line":9,"column":15}},"loc":{"start":{"line":9,"column":24},"end":{"line":11,"column":3}},"line":9},"2":{"name":"(anonymous_2)","decl":{"start":{"line":9,"column":24},"end":{"line":9,"column":25}},"loc":{"start":{"line":9,"column":30},"end":{"line":11,"column":3}},"line":9},"3":{"name":"(anonymous_3)","decl":{"start":{"line":12,"column":14},"end":{"line":12,"column":15}},"loc":{"start":{"line":12,"column":24},"end":{"line":14,"column":3}},"line":12},"4":{"name":"(anonymous_4)","decl":{"start":{"line":12,"column":24},"end":{"line":12,"column":25}},"loc":{"start":{"line":12,"column":30},"end":{"line":14,"column":3}},"line":12}},"branchMap":{},"s":{"0":2,"1":4,"2":1,"3":1,"4":1,"5":1,"6":2,"7":2},"f":{"0":4,"1":1,"2":1,"3":1,"4":1},"b":{},"_coverageSchema":"43e27e138ebf9cfc5966b082cf9a028302ed4184","hash":"9faa147a29ab87871f143b61378f3af7436d3473"}
,"C:\\Users\\alex\\source\\97-reddit\\app\\containers\\ListPage\\ListPage.js": {"path":"C:\\Users\\alex\\source\\97-reddit\\app\\containers\\ListPage\\ListPage.js","statementMap":{"0":{"start":{"line":23,"column":8},"end":{"line":23,"column":18}},"1":{"start":{"line":25,"column":21},"end":{"line":25,"column":56}},"2":{"start":{"line":25,"column":27},"end":{"line":25,"column":56}},"3":{"start":{"line":27,"column":27},"end":{"line":31,"column":5}},"4":{"start":{"line":33,"column":4},"end":{"line":55,"column":6}},"5":{"start":{"line":59,"column":0},"end":{"line":66,"column":2}}},"fnMap":{"0":{"name":"(anonymous_0)","decl":{"start":{"line":20,"column":2},"end":{"line":20,"column":3}},"loc":{"start":{"line":20,"column":11},"end":{"line":56,"column":3}},"line":20},"1":{"name":"(anonymous_1)","decl":{"start":{"line":25,"column":21},"end":{"line":25,"column":22}},"loc":{"start":{"line":25,"column":27},"end":{"line":25,"column":56}},"line":25}},"branchMap":{},"s":{"0":2,"1":2,"2":1,"3":2,"4":2,"5":1},"f":{"0":2,"1":1},"b":{},"_coverageSchema":"43e27e138ebf9cfc5966b082cf9a028302ed4184","hash":"42def75f5002220bd5f588565f400ac6aaaa7e23"}
,"C:\\Users\\alex\\source\\97-reddit\\app\\containers\\ListPage\\index.js": {"path":"C:\\Users\\alex\\source\\97-reddit\\app\\containers\\ListPage\\index.js","statementMap":{"0":{"start":{"line":14,"column":27},"end":{"line":16,"column":2}},"1":{"start":{"line":14,"column":42},"end":{"line":16,"column":1}},"2":{"start":{"line":15,"column":29},"end":{"line":15,"column":54}},"3":{"start":{"line":18,"column":24},"end":{"line":22,"column":2}},"4":{"start":{"line":24,"column":20},"end":{"line":27,"column":1}},"5":{"start":{"line":29,"column":17},"end":{"line":29,"column":55}}},"fnMap":{"0":{"name":"(anonymous_0)","decl":{"start":{"line":14,"column":27},"end":{"line":14,"column":28}},"loc":{"start":{"line":14,"column":42},"end":{"line":16,"column":1}},"line":14},"1":{"name":"(anonymous_1)","decl":{"start":{"line":15,"column":14},"end":{"line":15,"column":15}},"loc":{"start":{"line":15,"column":29},"end":{"line":15,"column":54}},"line":15}},"branchMap":{"0":{"loc":{"start":{"line":15,"column":15},"end":{"line":15,"column":24}},"type":"default-arg","locations":[{"start":{"line":15,"column":22},"end":{"line":15,"column":24}}],"line":15}},"s":{"0":1,"1":3,"2":2,"3":1,"4":1,"5":1},"f":{"0":3,"1":2},"b":{"0":[1]},"_coverageSchema":"43e27e138ebf9cfc5966b082cf9a028302ed4184","hash":"129adda6eb5efcaa64196388e1ae5a72dc3d2fdc"}
,"C:\\Users\\alex\\source\\97-reddit\\app\\containers\\ListPage\\saga.js": {"path":"C:\\Users\\alex\\source\\97-reddit\\app\\containers\\ListPage\\saga.js","statementMap":{"0":{"start":{"line":18,"column":15},"end":{"line":18,"column":44}},"1":{"start":{"line":19,"column":16},"end":{"line":19,"column":47}},"2":{"start":{"line":20,"column":21},"end":{"line":20,"column":72}},"3":{"start":{"line":22,"column":2},"end":{"line":28,"column":3}},"4":{"start":{"line":24,"column":21},"end":{"line":24,"column":52}},"5":{"start":{"line":25,"column":4},"end":{"line":25,"column":72}},"6":{"start":{"line":27,"column":4},"end":{"line":27,"column":38}},"7":{"start":{"line":39,"column":2},"end":{"line":39,"column":41}}},"fnMap":{"0":{"name":"getPosts","decl":{"start":{"line":17,"column":17},"end":{"line":17,"column":25}},"loc":{"start":{"line":17,"column":34},"end":{"line":29,"column":1}},"line":17},"1":{"name":"redditData","decl":{"start":{"line":34,"column":25},"end":{"line":34,"column":35}},"loc":{"start":{"line":34,"column":38},"end":{"line":40,"column":1}},"line":34}},"branchMap":{"0":{"loc":{"start":{"line":18,"column":15},"end":{"line":18,"column":44}},"type":"binary-expr","locations":[{"start":{"line":18,"column":16},"end":{"line":18,"column":22}},{"start":{"line":18,"column":26},"end":{"line":18,"column":37}},{"start":{"line":18,"column":42},"end":{"line":18,"column":44}}],"line":18},"1":{"loc":{"start":{"line":20,"column":44},"end":{"line":20,"column":70}},"type":"binary-expr","locations":[{"start":{"line":20,"column":44},"end":{"line":20,"column":49}},{"start":{"line":20,"column":53},"end":{"line":20,"column":70}}],"line":20}},"s":{"0":2,"1":2,"2":2,"3":2,"4":2,"5":1,"6":1,"7":1},"f":{"0":2,"1":1},"b":{"0":[2,0,2],"1":[2,0]},"_coverageSchema":"43e27e138ebf9cfc5966b082cf9a028302ed4184","hash":"1cee33ca5e0a20a1af1197f0cd11f77b26aef3f8"}
,"C:\\Users\\alex\\source\\97-reddit\\app\\containers\\NotFoundPage\\NotFoundPage.js": {"path":"C:\\Users\\alex\\source\\97-reddit\\app\\containers\\NotFoundPage\\NotFoundPage.js","statementMap":{"0":{"start":{"line":11,"column":2},"end":{"line":15,"column":4}}},"fnMap":{"0":{"name":"NotFound","decl":{"start":{"line":10,"column":24},"end":{"line":10,"column":32}},"loc":{"start":{"line":10,"column":35},"end":{"line":16,"column":1}},"line":10}},"branchMap":{},"s":{"0":1},"f":{"0":1},"b":{},"_coverageSchema":"43e27e138ebf9cfc5966b082cf9a028302ed4184","hash":"2c0ce171c09ad6dc8ee1e6ab4723841ac92608a0"}
,"C:\\Users\\alex\\source\\97-reddit\\app\\containers\\NotFoundPage\\index.js": {"path":"C:\\Users\\alex\\source\\97-reddit\\app\\containers\\NotFoundPage\\index.js","statementMap":{},"fnMap":{},"branchMap":{},"s":{},"f":{},"b":{},"_coverageSchema":"43e27e138ebf9cfc5966b082cf9a028302ed4184","hash":"0e542bfba6cd1e24cd2a5220fae94a4e46a6ce0d"}
,"C:\\Users\\alex\\source\\97-reddit\\app\\containers\\PostPage\\PostPage.js": {"path":"C:\\Users\\alex\\source\\97-reddit\\app\\containers\\PostPage\\PostPage.js","statementMap":{"0":{"start":{"line":16,"column":33},"end":{"line":16,"column":43}},"1":{"start":{"line":17,"column":4},"end":{"line":19,"column":5}},"2":{"start":{"line":18,"column":6},"end":{"line":18,"column":27}},"3":{"start":{"line":25,"column":8},"end":{"line":25,"column":18}},"4":{"start":{"line":26,"column":25},"end":{"line":31,"column":5}},"5":{"start":{"line":33,"column":4},"end":{"line":43,"column":6}},"6":{"start":{"line":47,"column":0},"end":{"line":54,"column":2}}},"fnMap":{"0":{"name":"(anonymous_0)","decl":{"start":{"line":15,"column":2},"end":{"line":15,"column":3}},"loc":{"start":{"line":15,"column":22},"end":{"line":20,"column":3}},"line":15},"1":{"name":"(anonymous_1)","decl":{"start":{"line":22,"column":2},"end":{"line":22,"column":3}},"loc":{"start":{"line":22,"column":11},"end":{"line":44,"column":3}},"line":22}},"branchMap":{"0":{"loc":{"start":{"line":17,"column":4},"end":{"line":19,"column":5}},"type":"if","locations":[{"start":{"line":17,"column":4},"end":{"line":19,"column":5}},{"start":{"line":17,"column":4},"end":{"line":19,"column":5}}],"line":17},"1":{"loc":{"start":{"line":17,"column":8},"end":{"line":17,"column":26}},"type":"binary-expr","locations":[{"start":{"line":17,"column":8},"end":{"line":17,"column":13}},{"start":{"line":17,"column":17},"end":{"line":17,"column":26}}],"line":17}},"s":{"0":2,"1":2,"2":1,"3":2,"4":2,"5":2,"6":1},"f":{"0":2,"1":2},"b":{"0":[1,1],"1":[2,1]},"_coverageSchema":"43e27e138ebf9cfc5966b082cf9a028302ed4184","hash":"0fdbd40f9422fd0c17046b4009a4d75cf1eb4066"}
,"C:\\Users\\alex\\source\\97-reddit\\app\\containers\\PostPage\\index.js": {"path":"C:\\Users\\alex\\source\\97-reddit\\app\\containers\\PostPage\\index.js","statementMap":{"0":{"start":{"line":15,"column":27},"end":{"line":19,"column":2}},"1":{"start":{"line":15,"column":42},"end":{"line":19,"column":1}},"2":{"start":{"line":17,"column":4},"end":{"line":17,"column":28}},"3":{"start":{"line":21,"column":24},"end":{"line":26,"column":2}},"4":{"start":{"line":28,"column":20},"end":{"line":31,"column":1}},"5":{"start":{"line":33,"column":17},"end":{"line":33,"column":50}}},"fnMap":{"0":{"name":"(anonymous_0)","decl":{"start":{"line":15,"column":27},"end":{"line":15,"column":28}},"loc":{"start":{"line":15,"column":42},"end":{"line":19,"column":1}},"line":15},"1":{"name":"(anonymous_1)","decl":{"start":{"line":16,"column":13},"end":{"line":16,"column":14}},"loc":{"start":{"line":16,"column":22},"end":{"line":18,"column":3}},"line":16}},"branchMap":{},"s":{"0":1,"1":2,"2":1,"3":1,"4":1,"5":1},"f":{"0":2,"1":1},"b":{},"_coverageSchema":"43e27e138ebf9cfc5966b082cf9a028302ed4184","hash":"cf86b89e96a7e58e9fa26c3c61c940c5a9056495"}
,"C:\\Users\\alex\\source\\97-reddit\\app\\containers\\PostPage\\saga.js": {"path":"C:\\Users\\alex\\source\\97-reddit\\app\\containers\\PostPage\\saga.js","statementMap":{"0":{"start":{"line":16,"column":2},"end":{"line":22,"column":3}},"1":{"start":{"line":18,"column":17},"end":{"line":18,"column":65}},"2":{"start":{"line":19,"column":4},"end":{"line":19,"column":75}},"3":{"start":{"line":21,"column":4},"end":{"line":21,"column":37}},"4":{"start":{"line":33,"column":2},"end":{"line":33,"column":39}}},"fnMap":{"0":{"name":"getPost","decl":{"start":{"line":14,"column":17},"end":{"line":14,"column":24}},"loc":{"start":{"line":14,"column":33},"end":{"line":23,"column":1}},"line":14},"1":{"name":"postData","decl":{"start":{"line":28,"column":25},"end":{"line":28,"column":33}},"loc":{"start":{"line":28,"column":36},"end":{"line":34,"column":1}},"line":28}},"branchMap":{},"s":{"0":2,"1":2,"2":1,"3":1,"4":1},"f":{"0":2,"1":1},"b":{},"_coverageSchema":"43e27e138ebf9cfc5966b082cf9a028302ed4184","hash":"86ef3970713879d55ea49f555da849d47831058d"}
,"C:\\Users\\alex\\source\\97-reddit\\app\\utils\\checkStore.js": {"path":"C:\\Users\\alex\\source\\97-reddit\\app\\utils\\checkStore.js","statementMap":{"0":{"start":{"line":10,"column":16},"end":{"line":18,"column":3}},"1":{"start":{"line":19,"column":2},"end":{"line":22,"column":4}}},"fnMap":{"0":{"name":"checkStore","decl":{"start":{"line":9,"column":24},"end":{"line":9,"column":34}},"loc":{"start":{"line":9,"column":42},"end":{"line":23,"column":1}},"line":9}},"branchMap":{},"s":{"0":13,"1":13},"f":{"0":13},"b":{},"_coverageSchema":"43e27e138ebf9cfc5966b082cf9a028302ed4184","hash":"7e0910699c21708cc3d3bab497e0622244a56b1f"}
,"C:\\Users\\alex\\source\\97-reddit\\app\\utils\\constants.js": {"path":"C:\\Users\\alex\\source\\97-reddit\\app\\utils\\constants.js","statementMap":{"0":{"start":{"line":1,"column":34},"end":{"line":1,"column":70}},"1":{"start":{"line":2,"column":22},"end":{"line":2,"column":46}},"2":{"start":{"line":3,"column":33},"end":{"line":3,"column":68}}},"fnMap":{},"branchMap":{},"s":{"0":4,"1":4,"2":4},"f":{},"b":{},"_coverageSchema":"43e27e138ebf9cfc5966b082cf9a028302ed4184","hash":"4606dd3965a4cec9e53b18a8150b88a69317382a"}
,"C:\\Users\\alex\\source\\97-reddit\\app\\utils\\history.js": {"path":"C:\\Users\\alex\\source\\97-reddit\\app\\utils\\history.js","statementMap":{"0":{"start":{"line":3,"column":16},"end":{"line":3,"column":38}}},"fnMap":{},"branchMap":{},"s":{"0":5},"f":{},"b":{},"_coverageSchema":"43e27e138ebf9cfc5966b082cf9a028302ed4184","hash":"711d0828b9cca2ac7d9159a3388f68f55614e3ac"}
,"C:\\Users\\alex\\source\\97-reddit\\app\\utils\\injectReducer.js": {"path":"C:\\Users\\alex\\source\\97-reddit\\app\\utils\\injectReducer.js","statementMap":{"0":{"start":{"line":10,"column":37},"end":{"line":30,"column":1}},"1":{"start":{"line":12,"column":30},"end":{"line":12,"column":46}},"2":{"start":{"line":14,"column":25},"end":{"line":14,"column":42}},"3":{"start":{"line":16,"column":25},"end":{"line":16,"column":111}},"4":{"start":{"line":19,"column":6},"end":{"line":19,"column":28}},"5":{"start":{"line":21,"column":6},"end":{"line":21,"column":62}},"6":{"start":{"line":25,"column":6},"end":{"line":25,"column":50}},"7":{"start":{"line":29,"column":2},"end":{"line":29,"column":65}}},"fnMap":{"0":{"name":"(anonymous_0)","decl":{"start":{"line":10,"column":15},"end":{"line":10,"column":16}},"loc":{"start":{"line":10,"column":37},"end":{"line":30,"column":1}},"line":10},"1":{"name":"(anonymous_1)","decl":{"start":{"line":10,"column":37},"end":{"line":10,"column":38}},"loc":{"start":{"line":10,"column":59},"end":{"line":30,"column":1}},"line":10},"2":{"name":"(anonymous_2)","decl":{"start":{"line":18,"column":4},"end":{"line":18,"column":5}},"loc":{"start":{"line":18,"column":32},"end":{"line":22,"column":5}},"line":18},"3":{"name":"(anonymous_3)","decl":{"start":{"line":24,"column":4},"end":{"line":24,"column":5}},"loc":{"start":{"line":24,"column":13},"end":{"line":26,"column":5}},"line":24}},"branchMap":{"0":{"loc":{"start":{"line":16,"column":40},"end":{"line":16,"column":108}},"type":"binary-expr","locations":[{"start":{"line":16,"column":40},"end":{"line":16,"column":68}},{"start":{"line":16,"column":72},"end":{"line":16,"column":93}},{"start":{"line":16,"column":97},"end":{"line":16,"column":108}}],"line":16}},"s":{"0":4,"1":4,"2":4,"3":4,"4":2,"5":2,"6":2,"7":4},"f":{"0":4,"1":4,"2":2,"3":2},"b":{"0":[4,4,1]},"_coverageSchema":"43e27e138ebf9cfc5966b082cf9a028302ed4184","hash":"d9cf47caf9db033bdf6c9c2bf7fe0f16560e2ce2"}
,"C:\\Users\\alex\\source\\97-reddit\\app\\utils\\injectSaga.js": {"path":"C:\\Users\\alex\\source\\97-reddit\\app\\utils\\injectSaga.js","statementMap":{"0":{"start":{"line":10,"column":40},"end":{"line":36,"column":1}},"1":{"start":{"line":12,"column":30},"end":{"line":12,"column":46}},"2":{"start":{"line":14,"column":25},"end":{"line":14,"column":42}},"3":{"start":{"line":16,"column":25},"end":{"line":16,"column":108}},"4":{"start":{"line":18,"column":16},"end":{"line":18,"column":48}},"5":{"start":{"line":21,"column":6},"end":{"line":21,"column":28}},"6":{"start":{"line":22,"column":6},"end":{"line":22,"column":51}},"7":{"start":{"line":23,"column":6},"end":{"line":23,"column":65}},"8":{"start":{"line":27,"column":6},"end":{"line":27,"column":36}},"9":{"start":{"line":31,"column":6},"end":{"line":31,"column":50}},"10":{"start":{"line":35,"column":2},"end":{"line":35,"column":60}}},"fnMap":{"0":{"name":"(anonymous_0)","decl":{"start":{"line":10,"column":15},"end":{"line":10,"column":16}},"loc":{"start":{"line":10,"column":40},"end":{"line":36,"column":1}},"line":10},"1":{"name":"(anonymous_1)","decl":{"start":{"line":10,"column":40},"end":{"line":10,"column":41}},"loc":{"start":{"line":10,"column":62},"end":{"line":36,"column":1}},"line":10},"2":{"name":"(anonymous_2)","decl":{"start":{"line":20,"column":4},"end":{"line":20,"column":5}},"loc":{"start":{"line":20,"column":32},"end":{"line":24,"column":5}},"line":20},"3":{"name":"(anonymous_3)","decl":{"start":{"line":26,"column":4},"end":{"line":26,"column":5}},"loc":{"start":{"line":26,"column":27},"end":{"line":28,"column":5}},"line":26},"4":{"name":"(anonymous_4)","decl":{"start":{"line":30,"column":4},"end":{"line":30,"column":5}},"loc":{"start":{"line":30,"column":13},"end":{"line":32,"column":5}},"line":30}},"branchMap":{"0":{"loc":{"start":{"line":16,"column":37},"end":{"line":16,"column":105}},"type":"binary-expr","locations":[{"start":{"line":16,"column":37},"end":{"line":16,"column":65}},{"start":{"line":16,"column":69},"end":{"line":16,"column":90}},{"start":{"line":16,"column":94},"end":{"line":16,"column":105}}],"line":16}},"s":{"0":7,"1":7,"2":7,"3":7,"4":3,"5":3,"6":3,"7":3,"8":1,"9":3,"10":7},"f":{"0":7,"1":7,"2":3,"3":1,"4":3},"b":{"0":[7,5,1]},"_coverageSchema":"43e27e138ebf9cfc5966b082cf9a028302ed4184","hash":"a310513f0ce0e1a16fc80f20f6922595564331b0"}
,"C:\\Users\\alex\\source\\97-reddit\\app\\utils\\reducerInjectors.js": {"path":"C:\\Users\\alex\\source\\97-reddit\\app\\utils\\reducerInjectors.js","statementMap":{"0":{"start":{"line":10,"column":2},"end":{"line":23,"column":4}},"1":{"start":{"line":11,"column":4},"end":{"line":11,"column":36}},"2":{"start":{"line":11,"column":18},"end":{"line":11,"column":36}},"3":{"start":{"line":13,"column":4},"end":{"line":16,"column":6}},"4":{"start":{"line":19,"column":4},"end":{"line":19,"column":100}},"5":{"start":{"line":19,"column":93},"end":{"line":19,"column":100}},"6":{"start":{"line":21,"column":4},"end":{"line":21,"column":42}},"7":{"start":{"line":22,"column":4},"end":{"line":22,"column":64}},"8":{"start":{"line":27,"column":2},"end":{"line":27,"column":20}},"9":{"start":{"line":29,"column":2},"end":{"line":31,"column":4}}},"fnMap":{"0":{"name":"injectReducerFactory","decl":{"start":{"line":9,"column":16},"end":{"line":9,"column":36}},"loc":{"start":{"line":9,"column":53},"end":{"line":24,"column":1}},"line":9},"1":{"name":"injectReducer","decl":{"start":{"line":10,"column":18},"end":{"line":10,"column":31}},"loc":{"start":{"line":10,"column":46},"end":{"line":23,"column":3}},"line":10},"2":{"name":"getInjectors","decl":{"start":{"line":26,"column":24},"end":{"line":26,"column":36}},"loc":{"start":{"line":26,"column":44},"end":{"line":32,"column":1}},"line":26}},"branchMap":{"0":{"loc":{"start":{"line":11,"column":4},"end":{"line":11,"column":36}},"type":"if","locations":[{"start":{"line":11,"column":4},"end":{"line":11,"column":36}},{"start":{"line":11,"column":4},"end":{"line":11,"column":36}}],"line":11},"1":{"loc":{"start":{"line":14,"column":6},"end":{"line":14,"column":59}},"type":"binary-expr","locations":[{"start":{"line":14,"column":6},"end":{"line":14,"column":19}},{"start":{"line":14,"column":23},"end":{"line":14,"column":36}},{"start":{"line":14,"column":40},"end":{"line":14,"column":59}}],"line":14},"2":{"loc":{"start":{"line":19,"column":4},"end":{"line":19,"column":100}},"type":"if","locations":[{"start":{"line":19,"column":4},"end":{"line":19,"column":100}},{"start":{"line":19,"column":4},"end":{"line":19,"column":100}}],"line":19},"3":{"loc":{"start":{"line":19,"column":8},"end":{"line":19,"column":91}},"type":"binary-expr","locations":[{"start":{"line":19,"column":8},"end":{"line":19,"column":48}},{"start":{"line":19,"column":52},"end":{"line":19,"column":91}}],"line":19}},"s":{"0":8,"1":10,"2":1,"3":9,"4":6,"5":1,"6":5,"7":5,"8":2,"9":1},"f":{"0":8,"1":10,"2":2},"b":{"0":[1,9],"1":[9,7,6],"2":[1,5],"3":[6,2]},"_coverageSchema":"43e27e138ebf9cfc5966b082cf9a028302ed4184","hash":"3bf599f3fb004cb039029b0e6971c7aa9ff274eb"}
,"C:\\Users\\alex\\source\\97-reddit\\app\\utils\\request.js": {"path":"C:\\Users\\alex\\source\\97-reddit\\app\\utils\\request.js","statementMap":{"0":{"start":{"line":11,"column":2},"end":{"line":13,"column":3}},"1":{"start":{"line":12,"column":4},"end":{"line":12,"column":16}},"2":{"start":{"line":14,"column":2},"end":{"line":14,"column":25}},"3":{"start":{"line":25,"column":2},"end":{"line":27,"column":3}},"4":{"start":{"line":26,"column":4},"end":{"line":26,"column":20}},"5":{"start":{"line":29,"column":16},"end":{"line":29,"column":46}},"6":{"start":{"line":30,"column":2},"end":{"line":30,"column":28}},"7":{"start":{"line":31,"column":2},"end":{"line":31,"column":14}},"8":{"start":{"line":43,"column":2},"end":{"line":45,"column":21}}},"fnMap":{"0":{"name":"parseJSON","decl":{"start":{"line":10,"column":9},"end":{"line":10,"column":18}},"loc":{"start":{"line":10,"column":29},"end":{"line":15,"column":1}},"line":10},"1":{"name":"checkStatus","decl":{"start":{"line":24,"column":9},"end":{"line":24,"column":20}},"loc":{"start":{"line":24,"column":31},"end":{"line":32,"column":1}},"line":24},"2":{"name":"request","decl":{"start":{"line":42,"column":24},"end":{"line":42,"column":31}},"loc":{"start":{"line":42,"column":46},"end":{"line":46,"column":1}},"line":42}},"branchMap":{"0":{"loc":{"start":{"line":11,"column":2},"end":{"line":13,"column":3}},"type":"if","locations":[{"start":{"line":11,"column":2},"end":{"line":13,"column":3}},{"start":{"line":11,"column":2},"end":{"line":13,"column":3}}],"line":11},"1":{"loc":{"start":{"line":11,"column":6},"end":{"line":11,"column":56}},"type":"binary-expr","locations":[{"start":{"line":11,"column":6},"end":{"line":11,"column":29}},{"start":{"line":11,"column":33},"end":{"line":11,"column":56}}],"line":11},"2":{"loc":{"start":{"line":25,"column":2},"end":{"line":27,"column":3}},"type":"if","locations":[{"start":{"line":25,"column":2},"end":{"line":27,"column":3}},{"start":{"line":25,"column":2},"end":{"line":27,"column":3}}],"line":25},"3":{"loc":{"start":{"line":25,"column":6},"end":{"line":25,"column":53}},"type":"binary-expr","locations":[{"start":{"line":25,"column":6},"end":{"line":25,"column":28}},{"start":{"line":25,"column":32},"end":{"line":25,"column":53}}],"line":25}},"s":{"0":2,"1":1,"2":1,"3":3,"4":2,"5":1,"6":1,"7":1,"8":3},"f":{"0":2,"1":3,"2":3},"b":{"0":[1,1],"1":[2,1],"2":[2,1],"3":[3,3]},"_coverageSchema":"43e27e138ebf9cfc5966b082cf9a028302ed4184","hash":"a2d19d46d6c5c8178244f68d47c10cd3d57b953e"}
,"C:\\Users\\alex\\source\\97-reddit\\app\\utils\\sagaInjectors.js": {"path":"C:\\Users\\alex\\source\\97-reddit\\app\\utils\\sagaInjectors.js","statementMap":{"0":{"start":{"line":14,"column":21},"end":{"line":14,"column":68}},"1":{"start":{"line":16,"column":17},"end":{"line":19,"column":1}},"2":{"start":{"line":16,"column":26},"end":{"line":19,"column":1}},"3":{"start":{"line":21,"column":24},"end":{"line":30,"column":1}},"4":{"start":{"line":22,"column":16},"end":{"line":25,"column":3}},"5":{"start":{"line":24,"column":20},"end":{"line":24,"column":65}},"6":{"start":{"line":26,"column":2},"end":{"line":29,"column":4}},"7":{"start":{"line":33,"column":2},"end":{"line":56,"column":4}},"8":{"start":{"line":34,"column":4},"end":{"line":34,"column":36}},"9":{"start":{"line":34,"column":18},"end":{"line":34,"column":36}},"10":{"start":{"line":36,"column":26},"end":{"line":36,"column":88}},"11":{"start":{"line":37,"column":27},"end":{"line":37,"column":40}},"12":{"start":{"line":39,"column":4},"end":{"line":39,"column":18}},"13":{"start":{"line":40,"column":4},"end":{"line":40,"column":35}},"14":{"start":{"line":42,"column":18},"end":{"line":42,"column":55}},"15":{"start":{"line":44,"column":4},"end":{"line":51,"column":5}},"16":{"start":{"line":45,"column":28},"end":{"line":45,"column":52}},"17":{"start":{"line":47,"column":6},"end":{"line":50,"column":7}},"18":{"start":{"line":48,"column":8},"end":{"line":48,"column":36}},"19":{"start":{"line":49,"column":8},"end":{"line":49,"column":24}},"20":{"start":{"line":53,"column":4},"end":{"line":55,"column":5}},"21":{"start":{"line":54,"column":6},"end":{"line":54,"column":87}},"22":{"start":{"line":60,"column":2},"end":{"line":76,"column":4}},"23":{"start":{"line":61,"column":4},"end":{"line":61,"column":36}},"24":{"start":{"line":61,"column":18},"end":{"line":61,"column":36}},"25":{"start":{"line":63,"column":4},"end":{"line":63,"column":18}},"26":{"start":{"line":65,"column":4},"end":{"line":75,"column":5}},"27":{"start":{"line":66,"column":25},"end":{"line":66,"column":49}},"28":{"start":{"line":67,"column":6},"end":{"line":74,"column":7}},"29":{"start":{"line":68,"column":8},"end":{"line":68,"column":33}},"30":{"start":{"line":70,"column":8},"end":{"line":73,"column":9}},"31":{"start":{"line":72,"column":10},"end":{"line":72,"column":44}},"32":{"start":{"line":80,"column":2},"end":{"line":80,"column":20}},"33":{"start":{"line":82,"column":2},"end":{"line":85,"column":4}}},"fnMap":{"0":{"name":"(anonymous_0)","decl":{"start":{"line":16,"column":17},"end":{"line":16,"column":18}},"loc":{"start":{"line":16,"column":26},"end":{"line":19,"column":1}},"line":16},"1":{"name":"(anonymous_1)","decl":{"start":{"line":21,"column":24},"end":{"line":21,"column":25}},"loc":{"start":{"line":21,"column":40},"end":{"line":30,"column":1}},"line":21},"2":{"name":"(anonymous_2)","decl":{"start":{"line":24,"column":10},"end":{"line":24,"column":11}},"loc":{"start":{"line":24,"column":20},"end":{"line":24,"column":65}},"line":24},"3":{"name":"injectSagaFactory","decl":{"start":{"line":32,"column":16},"end":{"line":32,"column":33}},"loc":{"start":{"line":32,"column":50},"end":{"line":57,"column":1}},"line":32},"4":{"name":"injectSaga","decl":{"start":{"line":33,"column":18},"end":{"line":33,"column":28}},"loc":{"start":{"line":33,"column":57},"end":{"line":56,"column":3}},"line":33},"5":{"name":"ejectSagaFactory","decl":{"start":{"line":59,"column":16},"end":{"line":59,"column":32}},"loc":{"start":{"line":59,"column":49},"end":{"line":77,"column":1}},"line":59},"6":{"name":"ejectSaga","decl":{"start":{"line":60,"column":18},"end":{"line":60,"column":27}},"loc":{"start":{"line":60,"column":33},"end":{"line":76,"column":3}},"line":60},"7":{"name":"getInjectors","decl":{"start":{"line":79,"column":24},"end":{"line":79,"column":36}},"loc":{"start":{"line":79,"column":44},"end":{"line":86,"column":1}},"line":79}},"branchMap":{"0":{"loc":{"start":{"line":17,"column":2},"end":{"line":17,"column":32}},"type":"binary-expr","locations":[{"start":{"line":17,"column":2},"end":{"line":17,"column":15}},{"start":{"line":17,"column":19},"end":{"line":17,"column":32}}],"line":17},"1":{"loc":{"start":{"line":24,"column":20},"end":{"line":24,"column":65}},"type":"binary-expr","locations":[{"start":{"line":24,"column":20},"end":{"line":24,"column":34}},{"start":{"line":24,"column":38},"end":{"line":24,"column":65}}],"line":24},"2":{"loc":{"start":{"line":33,"column":34},"end":{"line":33,"column":49}},"type":"default-arg","locations":[{"start":{"line":33,"column":47},"end":{"line":33,"column":49}}],"line":33},"3":{"loc":{"start":{"line":34,"column":4},"end":{"line":34,"column":36}},"type":"if","locations":[{"start":{"line":34,"column":4},"end":{"line":34,"column":36}},{"start":{"line":34,"column":4},"end":{"line":34,"column":36}}],"line":34},"4":{"loc":{"start":{"line":36,"column":49},"end":{"line":36,"column":86}},"type":"binary-expr","locations":[{"start":{"line":36,"column":49},"end":{"line":36,"column":64}},{"start":{"line":36,"column":68},"end":{"line":36,"column":86}}],"line":36},"5":{"loc":{"start":{"line":44,"column":4},"end":{"line":51,"column":5}},"type":"if","locations":[{"start":{"line":44,"column":4},"end":{"line":51,"column":5}},{"start":{"line":44,"column":4},"end":{"line":51,"column":5}}],"line":44},"6":{"loc":{"start":{"line":47,"column":6},"end":{"line":50,"column":7}},"type":"if","locations":[{"start":{"line":47,"column":6},"end":{"line":50,"column":7}},{"start":{"line":47,"column":6},"end":{"line":50,"column":7}}],"line":47},"7":{"loc":{"start":{"line":47,"column":10},"end":{"line":47,"column":48}},"type":"binary-expr","locations":[{"start":{"line":47,"column":10},"end":{"line":47,"column":17}},{"start":{"line":47,"column":21},"end":{"line":47,"column":48}}],"line":47},"8":{"loc":{"start":{"line":53,"column":4},"end":{"line":55,"column":5}},"type":"if","locations":[{"start":{"line":53,"column":4},"end":{"line":55,"column":5}},{"start":{"line":53,"column":4},"end":{"line":55,"column":5}}],"line":53},"9":{"loc":{"start":{"line":53,"column":8},"end":{"line":53,"column":78}},"type":"binary-expr","locations":[{"start":{"line":53,"column":8},"end":{"line":53,"column":16}},{"start":{"line":53,"column":21},"end":{"line":53,"column":28}},{"start":{"line":53,"column":32},"end":{"line":53,"column":47}},{"start":{"line":53,"column":51},"end":{"line":53,"column":77}}],"line":53},"10":{"loc":{"start":{"line":61,"column":4},"end":{"line":61,"column":36}},"type":"if","locations":[{"start":{"line":61,"column":4},"end":{"line":61,"column":36}},{"start":{"line":61,"column":4},"end":{"line":61,"column":36}}],"line":61},"11":{"loc":{"start":{"line":65,"column":4},"end":{"line":75,"column":5}},"type":"if","locations":[{"start":{"line":65,"column":4},"end":{"line":75,"column":5}},{"start":{"line":65,"column":4},"end":{"line":75,"column":5}}],"line":65},"12":{"loc":{"start":{"line":67,"column":6},"end":{"line":74,"column":7}},"type":"if","locations":[{"start":{"line":67,"column":6},"end":{"line":74,"column":7}},{"start":{"line":67,"column":6},"end":{"line":74,"column":7}}],"line":67},"13":{"loc":{"start":{"line":70,"column":8},"end":{"line":73,"column":9}},"type":"if","locations":[{"start":{"line":70,"column":8},"end":{"line":73,"column":9}},{"start":{"line":70,"column":8},"end":{"line":73,"column":9}}],"line":70}},"s":{"0":4,"1":4,"2":36,"3":4,"4":24,"5":24,"6":24,"7":21,"8":27,"9":1,"10":26,"11":26,"12":26,"13":24,"14":20,"15":20,"16":16,"17":16,"18":1,"19":1,"20":20,"21":15,"22":21,"23":11,"24":1,"25":10,"26":8,"27":7,"28":7,"29":4,"30":4,"31":2,"32":2,"33":1},"f":{"0":36,"1":24,"2":24,"3":21,"4":27,"5":21,"6":11,"7":2},"b":{"0":[36,34],"1":[24,23],"2":[1],"3":[1,26],"4":[26,10],"5":[16,4],"6":[1,15],"7":[16,5],"8":[15,5],"9":[20,5,5,2],"10":[1,10],"11":[7,1],"12":[4,3],"13":[2,2]},"_coverageSchema":"43e27e138ebf9cfc5966b082cf9a028302ed4184","hash":"b34dfad3c3e436b1510a457031f5441b761e23e9"}
}
