TN:
SF:C:\Users\alex\source\97-reddit\app\configureStore.js
FN:12,configureStore
FNF:1
FNH:1
FNDA:38,configureStore
DA:10,5
DA:16,38
DA:18,38
DA:22,38
DA:31,38
DA:34,38
DA:35,38
DA:36,38
DA:46,38
LF:9
LH:9
BRDA:12,0,0,1
BRDA:22,1,0,1
BRDA:22,1,1,37
BRDA:22,2,0,38
BRDA:22,2,1,38
BRDA:22,2,2,38
BRF:6
BRH:6
end_of_record
TN:
SF:C:\Users\alex\source\97-reddit\app\init.js
FNF:0
FNH:0
LF:0
LH:0
BRF:0
BRH:0
end_of_record
TN:
SF:C:\Users\alex\source\97-reddit\app\reducers.js
FN:14,createReducer
FNF:1
FNH:1
FNDA:43,createReducer
DA:15,43
DA:21,43
LF:2
LH:2
BRDA:14,0,0,38
BRF:1
BRH:1
end_of_record
TN:
SF:C:\Users\alex\source\97-reddit\app\components\Comment\Comment.js
FN:5,(anonymous_0)
FN:9,(anonymous_1)
FN:15,(anonymous_2)
FN:31,(anonymous_3)
FNF:4
FNH:4
FNDA:13,(anonymous_0)
FNDA:2,(anonymous_1)
FNDA:12,(anonymous_2)
FNDA:13,(anonymous_3)
DA:5,4
DA:6,13
DA:7,13
DA:9,13
DA:10,2
DA:13,13
DA:14,11
DA:15,12
DA:19,11
DA:31,13
DA:33,13
DA:35,13
DA:60,4
LF:13
LH:13
BRDA:13,0,0,11
BRDA:13,0,1,2
BRDA:15,1,0,12
BRDA:15,1,1,2
BRDA:31,2,0,1
BRDA:31,2,1,12
BRDA:37,3,0,1
BRDA:37,3,1,12
BRF:8
BRH:8
end_of_record
TN:
SF:C:\Users\alex\source\97-reddit\app\components\Comment\index.js
FNF:0
FNH:0
LF:0
LH:0
BRF:0
BRH:0
end_of_record
TN:
SF:C:\Users\alex\source\97-reddit\app\components\CommentsList\CommentsList.js
FN:7,(anonymous_0)
FN:19,(anonymous_1)
FNF:2
FNH:2
FNDA:5,(anonymous_0)
FNDA:2,(anonymous_1)
DA:7,3
DA:8,5
DA:9,1
DA:12,4
DA:13,1
DA:16,3
DA:18,3
DA:19,1
DA:20,2
DA:23,2
DA:26,3
DA:33,3
LF:12
LH:12
BRDA:8,0,0,1
BRDA:8,0,1,4
BRDA:12,1,0,1
BRDA:12,1,1,3
BRDA:18,2,0,1
BRDA:18,2,1,2
BRDA:18,3,0,3
BRDA:18,3,1,2
BRF:8
BRH:8
end_of_record
TN:
SF:C:\Users\alex\source\97-reddit\app\components\CommentsList\index.js
FNF:0
FNH:0
LF:0
LH:0
BRF:0
BRH:0
end_of_record
TN:
SF:C:\Users\alex\source\97-reddit\app\components\Footer\Footer.js
FN:4,(anonymous_0)
FNF:1
FNH:1
FNDA:1,(anonymous_0)
DA:4,2
DA:5,1
LF:2
LH:2
BRF:0
BRH:0
end_of_record
TN:
SF:C:\Users\alex\source\97-reddit\app\components\Footer\index.js
FNF:0
FNH:0
LF:0
LH:0
BRF:0
BRH:0
end_of_record
TN:
SF:C:\Users\alex\source\97-reddit\app\components\LoadingIndicator\LoadingIndicator.js
FN:4,(anonymous_0)
FNF:1
FNH:1
FNDA:5,(anonymous_0)
DA:4,7
DA:5,5
LF:2
LH:2
BRF:0
BRH:0
end_of_record
TN:
SF:C:\Users\alex\source\97-reddit\app\components\LoadingIndicator\index.js
FNF:0
FNH:0
LF:0
LH:0
BRF:0
BRH:0
end_of_record
TN:
SF:C:\Users\alex\source\97-reddit\app\components\Post\Post.js
FN:6,(anonymous_0)
FN:10,(anonymous_1)
FN:57,(anonymous_2)
FNF:3
FNH:3
FNDA:11,(anonymous_0)
FNDA:22,(anonymous_1)
FNDA:1,(anonymous_2)
DA:6,6
DA:7,11
DA:10,22
DA:13,11
DA:14,9
DA:24,11
DA:25,1
DA:26,1
DA:27,1
DA:32,11
DA:33,1
DA:42,11
DA:44,11
DA:45,11
DA:57,1
DA:73,6
LF:16
LH:16
BRDA:10,0,0,10
BRDA:10,0,1,12
BRDA:13,1,0,9
BRDA:13,1,1,2
BRDA:24,2,0,1
BRDA:24,2,1,10
BRDA:24,3,0,11
BRDA:24,3,1,9
BRDA:32,4,0,1
BRDA:32,4,1,10
BRDA:32,5,0,11
BRDA:32,5,1,9
BRDA:42,6,0,11
BRDA:42,6,1,9
BRDA:46,7,0,11
BRDA:46,7,1,9
BRF:16
BRH:16
end_of_record
TN:
SF:C:\Users\alex\source\97-reddit\app\components\Post\index.js
FNF:0
FNH:0
LF:0
LH:0
BRF:0
BRH:0
end_of_record
TN:
SF:C:\Users\alex\source\97-reddit\app\components\PostItem\PostItem.js
FN:9,(anonymous_0)
FNF:1
FNH:1
FNDA:2,(anonymous_0)
DA:9,3
DA:10,2
DA:17,3
LF:3
LH:3
BRF:0
BRH:0
end_of_record
TN:
SF:C:\Users\alex\source\97-reddit\app\components\PostItem\index.js
FNF:0
FNH:0
LF:0
LH:0
BRF:0
BRH:0
end_of_record
TN:
SF:C:\Users\alex\source\97-reddit\app\components\PostPod\PostPod.js
FN:10,(anonymous_0)
FNF:1
FNH:1
FNDA:4,(anonymous_0)
DA:10,2
DA:13,4
DA:14,2
DA:17,2
DA:18,1
DA:21,1
DA:22,1
DA:24,1
DA:32,2
LF:9
LH:9
BRDA:13,0,0,2
BRDA:13,0,1,2
BRDA:17,1,0,1
BRDA:17,1,1,1
BRDA:17,2,0,2
BRDA:17,2,1,1
BRF:6
BRH:6
end_of_record
TN:
SF:C:\Users\alex\source\97-reddit\app\components\PostPod\index.js
FNF:0
FNH:0
LF:0
LH:0
BRF:0
BRH:0
end_of_record
TN:
SF:C:\Users\alex\source\97-reddit\app\components\PostsList\PostsList.js
FN:9,(anonymous_0)
FN:22,(anonymous_1)
FNF:2
FNH:2
FNDA:4,(anonymous_0)
FNDA:1,(anonymous_1)
DA:9,2
DA:10,4
DA:11,1
DA:14,3
DA:15,2
DA:21,1
DA:22,1
DA:23,1
DA:27,1
DA:34,2
LF:10
LH:10
BRDA:10,0,0,1
BRDA:10,0,1,3
BRDA:14,1,0,2
BRDA:14,1,1,1
BRDA:21,2,0,1
BRDA:21,2,1,0
BRDA:21,3,0,1
BRDA:21,3,1,1
BRF:8
BRH:7
end_of_record
TN:
SF:C:\Users\alex\source\97-reddit\app\components\PostsList\index.js
FNF:0
FNH:0
LF:0
LH:0
BRF:0
BRH:0
end_of_record
TN:
SF:C:\Users\alex\source\97-reddit\app\containers\App\App.js
FN:20,(anonymous_0)
FNF:1
FNH:1
FNDA:3,(anonymous_0)
DA:20,1
DA:21,3
LF:2
LH:2
BRF:0
BRH:0
end_of_record
TN:
SF:C:\Users\alex\source\97-reddit\app\containers\App\actions.js
FN:33,changeMode
FN:45,loadPosts
FN:59,postsLoaded
FN:74,postsLoadingError
FN:86,loadPost
FN:101,postLoaded
FN:116,postLoadingError
FNF:7
FNH:7
FNDA:4,changeMode
FNDA:8,loadPosts
FNDA:4,postsLoaded
FNDA:4,postsLoadingError
FNDA:4,loadPost
FNDA:4,postLoaded
FNDA:4,postLoadingError
DA:34,4
DA:46,8
DA:60,4
DA:75,4
DA:87,4
DA:102,4
DA:117,4
LF:7
LH:7
BRF:0
BRH:0
end_of_record
TN:
SF:C:\Users\alex\source\97-reddit\app\containers\App\constants.js
FNF:0
FNH:0
DA:12,14
DA:13,14
DA:14,14
DA:15,14
DA:16,14
DA:17,14
DA:18,14
DA:19,14
LF:8
LH:8
BRF:0
BRH:0
end_of_record
TN:
SF:C:\Users\alex\source\97-reddit\app\containers\App\index.js
FNF:0
FNH:0
LF:0
LH:0
BRF:0
BRH:0
end_of_record
TN:
SF:C:\Users\alex\source\97-reddit\app\containers\App\reducer.js
FN:24,appReducer
FNF:1
FNH:1
FNDA:142,appReducer
DA:12,12
DA:25,142
DA:27,1
DA:32,1
DA:36,1
DA:38,1
DA:46,1
DA:49,1
DA:55,1
DA:59,1
DA:62,1
DA:70,1
DA:73,1
DA:79,1
DA:83,1
DA:86,135
LF:16
LH:16
BRDA:24,0,0,125
BRDA:25,1,0,1
BRDA:25,1,1,1
BRDA:25,1,2,1
BRDA:25,1,3,1
BRDA:25,1,4,1
BRDA:25,1,5,1
BRDA:25,1,6,1
BRDA:25,1,7,135
BRDA:42,2,0,1
BRDA:42,2,1,0
BRDA:43,3,0,1
BRDA:43,3,1,0
BRDA:52,4,0,0
BRDA:52,4,1,1
BRF:15
BRH:12
end_of_record
TN:
SF:C:\Users\alex\source\97-reddit\app\containers\App\selectors.js
FN:4,(anonymous_0)
FN:6,(anonymous_1)
FN:8,(anonymous_2)
FN:10,(anonymous_3)
FN:13,(anonymous_4)
FN:15,(anonymous_5)
FN:18,(anonymous_6)
FN:20,(anonymous_7)
FN:23,(anonymous_8)
FN:25,(anonymous_9)
FN:28,(anonymous_10)
FN:30,(anonymous_11)
FN:33,(anonymous_12)
FN:35,(anonymous_13)
FN:38,(anonymous_14)
FN:40,(anonymous_15)
FN:43,(anonymous_16)
FN:45,(anonymous_17)
FN:48,(anonymous_18)
FN:50,(anonymous_19)
FNF:20
FNH:20
FNDA:9,(anonymous_0)
FNDA:1,(anonymous_1)
FNDA:2,(anonymous_2)
FNDA:1,(anonymous_3)
FNDA:3,(anonymous_4)
FNDA:1,(anonymous_5)
FNDA:4,(anonymous_6)
FNDA:1,(anonymous_7)
FNDA:3,(anonymous_8)
FNDA:1,(anonymous_9)
FNDA:2,(anonymous_10)
FNDA:1,(anonymous_11)
FNDA:3,(anonymous_12)
FNDA:1,(anonymous_13)
FNDA:2,(anonymous_14)
FNDA:1,(anonymous_15)
FNDA:2,(anonymous_16)
FNDA:1,(anonymous_17)
FNDA:1,(anonymous_18)
FNDA:1,(anonymous_19)
DA:4,9
DA:6,6
DA:8,6
DA:10,1
DA:13,6
DA:15,1
DA:18,6
DA:20,1
DA:23,6
DA:25,1
DA:28,6
DA:30,1
DA:33,6
DA:35,1
DA:38,6
DA:40,1
DA:43,6
DA:45,1
DA:48,6
DA:50,1
LF:20
LH:20
BRDA:4,0,0,9
BRDA:4,0,1,0
BRDA:35,1,0,1
BRDA:35,1,1,0
BRF:4
BRH:2
end_of_record
TN:
SF:C:\Users\alex\source\97-reddit\app\containers\Header\Header.js
FN:12,(anonymous_0)
FN:22,(anonymous_1)
FN:38,(anonymous_2)
FNF:3
FNH:3
FNDA:1,(anonymous_0)
FNDA:3,(anonymous_1)
FNDA:3,(anonymous_2)
DA:15,1
DA:16,1
DA:22,1
DA:23,3
DA:33,1
DA:38,1
DA:39,3
DA:50,1
DA:63,2
LF:9
LH:9
BRDA:25,0,0,1
BRDA:25,0,1,2
BRDA:43,1,0,3
BRDA:43,1,1,0
BRF:4
BRH:3
end_of_record
TN:
SF:C:\Users\alex\source\97-reddit\app\containers\Header\index.js
FN:8,(anonymous_0)
FN:9,(anonymous_1)
FN:9,(anonymous_2)
FN:12,(anonymous_3)
FN:12,(anonymous_4)
FNF:5
FNH:5
FNDA:4,(anonymous_0)
FNDA:1,(anonymous_1)
FNDA:1,(anonymous_2)
FNDA:1,(anonymous_3)
FNDA:1,(anonymous_4)
DA:8,4
DA:9,1
DA:10,1
DA:12,1
DA:13,1
DA:17,2
DA:22,2
LF:7
LH:7
BRF:0
BRH:0
end_of_record
TN:
SF:C:\Users\alex\source\97-reddit\app\containers\ListPage\ListPage.js
FN:20,(anonymous_0)
FN:25,(anonymous_1)
FNF:2
FNH:2
FNDA:2,(anonymous_0)
FNDA:1,(anonymous_1)
DA:23,2
DA:25,2
DA:27,2
DA:33,2
DA:59,1
LF:5
LH:5
BRF:0
BRH:0
end_of_record
TN:
SF:C:\Users\alex\source\97-reddit\app\containers\ListPage\index.js
FN:14,(anonymous_0)
FN:15,(anonymous_1)
FNF:2
FNH:2
FNDA:3,(anonymous_0)
FNDA:2,(anonymous_1)
DA:14,3
DA:15,2
DA:18,1
DA:24,1
DA:29,1
LF:5
LH:5
BRDA:15,0,0,1
BRF:1
BRH:1
end_of_record
TN:
SF:C:\Users\alex\source\97-reddit\app\containers\ListPage\saga.js
FN:17,getPosts
FN:34,redditData
FNF:2
FNH:2
FNDA:2,getPosts
FNDA:1,redditData
DA:18,2
DA:19,2
DA:20,2
DA:22,2
DA:24,2
DA:25,1
DA:27,1
DA:39,1
LF:8
LH:8
BRDA:18,0,0,2
BRDA:18,0,1,0
BRDA:18,0,2,2
BRDA:20,1,0,2
BRDA:20,1,1,0
BRF:5
BRH:3
end_of_record
TN:
SF:C:\Users\alex\source\97-reddit\app\containers\NotFoundPage\NotFoundPage.js
FN:10,NotFound
FNF:1
FNH:1
FNDA:1,NotFound
DA:11,1
LF:1
LH:1
BRF:0
BRH:0
end_of_record
TN:
SF:C:\Users\alex\source\97-reddit\app\containers\NotFoundPage\index.js
FNF:0
FNH:0
LF:0
LH:0
BRF:0
BRH:0
end_of_record
TN:
SF:C:\Users\alex\source\97-reddit\app\containers\PostPage\PostPage.js
FN:15,(anonymous_0)
FN:22,(anonymous_1)
FNF:2
FNH:2
FNDA:2,(anonymous_0)
FNDA:2,(anonymous_1)
DA:16,2
DA:17,2
DA:18,1
DA:25,2
DA:26,2
DA:33,2
DA:47,1
LF:7
LH:7
BRDA:17,0,0,1
BRDA:17,0,1,1
BRDA:17,1,0,2
BRDA:17,1,1,1
BRF:4
BRH:4
end_of_record
TN:
SF:C:\Users\alex\source\97-reddit\app\containers\PostPage\index.js
FN:15,(anonymous_0)
FN:16,(anonymous_1)
FNF:2
FNH:2
FNDA:2,(anonymous_0)
FNDA:1,(anonymous_1)
DA:15,2
DA:17,1
DA:21,1
DA:28,1
DA:33,1
LF:5
LH:5
BRF:0
BRH:0
end_of_record
TN:
SF:C:\Users\alex\source\97-reddit\app\containers\PostPage\saga.js
FN:14,getPost
FN:28,postData
FNF:2
FNH:2
FNDA:2,getPost
FNDA:1,postData
DA:16,2
DA:18,2
DA:19,1
DA:21,1
DA:33,1
LF:5
LH:5
BRF:0
BRH:0
end_of_record
TN:
SF:C:\Users\alex\source\97-reddit\app\utils\checkStore.js
FN:9,checkStore
FNF:1
FNH:1
FNDA:13,checkStore
DA:10,13
DA:19,13
LF:2
LH:2
BRF:0
BRH:0
end_of_record
TN:
SF:C:\Users\alex\source\97-reddit\app\utils\constants.js
FNF:0
FNH:0
DA:1,4
DA:2,4
DA:3,4
LF:3
LH:3
BRF:0
BRH:0
end_of_record
TN:
SF:C:\Users\alex\source\97-reddit\app\utils\history.js
FNF:0
FNH:0
DA:3,5
LF:1
LH:1
BRF:0
BRH:0
end_of_record
TN:
SF:C:\Users\alex\source\97-reddit\app\utils\injectReducer.js
FN:10,(anonymous_0)
FN:10,(anonymous_1)
FN:18,(anonymous_2)
FN:24,(anonymous_3)
FNF:4
FNH:4
FNDA:4,(anonymous_0)
FNDA:4,(anonymous_1)
FNDA:2,(anonymous_2)
FNDA:2,(anonymous_3)
DA:10,4
DA:12,4
DA:14,4
DA:16,4
DA:19,2
DA:21,2
DA:25,2
DA:29,4
LF:8
LH:8
BRDA:16,0,0,4
BRDA:16,0,1,4
BRDA:16,0,2,1
BRF:3
BRH:3
end_of_record
TN:
SF:C:\Users\alex\source\97-reddit\app\utils\injectSaga.js
FN:10,(anonymous_0)
FN:10,(anonymous_1)
FN:20,(anonymous_2)
FN:26,(anonymous_3)
FN:30,(anonymous_4)
FNF:5
FNH:5
FNDA:7,(anonymous_0)
FNDA:7,(anonymous_1)
FNDA:3,(anonymous_2)
FNDA:1,(anonymous_3)
FNDA:3,(anonymous_4)
DA:10,7
DA:12,7
DA:14,7
DA:16,7
DA:18,3
DA:21,3
DA:22,3
DA:23,3
DA:27,1
DA:31,3
DA:35,7
LF:11
LH:11
BRDA:16,0,0,7
BRDA:16,0,1,5
BRDA:16,0,2,1
BRF:3
BRH:3
end_of_record
TN:
SF:C:\Users\alex\source\97-reddit\app\utils\reducerInjectors.js
FN:9,injectReducerFactory
FN:10,injectReducer
FN:26,getInjectors
FNF:3
FNH:3
FNDA:8,injectReducerFactory
FNDA:10,injectReducer
FNDA:2,getInjectors
DA:10,8
DA:11,10
DA:13,9
DA:19,6
DA:21,5
DA:22,5
DA:27,2
DA:29,1
LF:8
LH:8
BRDA:11,0,0,1
BRDA:11,0,1,9
BRDA:14,1,0,9
BRDA:14,1,1,7
BRDA:14,1,2,6
BRDA:19,2,0,1
BRDA:19,2,1,5
BRDA:19,3,0,6
BRDA:19,3,1,2
BRF:9
BRH:9
end_of_record
TN:
SF:C:\Users\alex\source\97-reddit\app\utils\request.js
FN:10,parseJSON
FN:24,checkStatus
FN:42,request
FNF:3
FNH:3
FNDA:2,parseJSON
FNDA:3,checkStatus
FNDA:3,request
DA:11,2
DA:12,1
DA:14,1
DA:25,3
DA:26,2
DA:29,1
DA:30,1
DA:31,1
DA:43,3
LF:9
LH:9
BRDA:11,0,0,1
BRDA:11,0,1,1
BRDA:11,1,0,2
BRDA:11,1,1,1
BRDA:25,2,0,2
BRDA:25,2,1,1
BRDA:25,3,0,3
BRDA:25,3,1,3
BRF:8
BRH:8
end_of_record
TN:
SF:C:\Users\alex\source\97-reddit\app\utils\sagaInjectors.js
FN:16,(anonymous_0)
FN:21,(anonymous_1)
FN:24,(anonymous_2)
FN:32,injectSagaFactory
FN:33,injectSaga
FN:59,ejectSagaFactory
FN:60,ejectSaga
FN:79,getInjectors
FNF:8
FNH:8
FNDA:36,(anonymous_0)
FNDA:24,(anonymous_1)
FNDA:24,(anonymous_2)
FNDA:21,injectSagaFactory
FNDA:27,injectSaga
FNDA:21,ejectSagaFactory
FNDA:11,ejectSaga
FNDA:2,getInjectors
DA:14,4
DA:16,36
DA:21,4
DA:22,24
DA:24,24
DA:26,24
DA:33,21
DA:34,27
DA:36,26
DA:37,26
DA:39,26
DA:40,24
DA:42,20
DA:44,20
DA:45,16
DA:47,16
DA:48,1
DA:49,1
DA:53,20
DA:54,15
DA:60,21
DA:61,11
DA:63,10
DA:65,8
DA:66,7
DA:67,7
DA:68,4
DA:70,4
DA:72,2
DA:80,2
DA:82,1
LF:31
LH:31
BRDA:17,0,0,36
BRDA:17,0,1,34
BRDA:24,1,0,24
BRDA:24,1,1,23
BRDA:33,2,0,1
BRDA:34,3,0,1
BRDA:34,3,1,26
BRDA:36,4,0,26
BRDA:36,4,1,10
BRDA:44,5,0,16
BRDA:44,5,1,4
BRDA:47,6,0,1
BRDA:47,6,1,15
BRDA:47,7,0,16
BRDA:47,7,1,5
BRDA:53,8,0,15
BRDA:53,8,1,5
BRDA:53,9,0,20
BRDA:53,9,1,5
BRDA:53,9,2,5
BRDA:53,9,3,2
BRDA:61,10,0,1
BRDA:61,10,1,10
BRDA:65,11,0,7
BRDA:65,11,1,1
BRDA:67,12,0,4
BRDA:67,12,1,3
BRDA:70,13,0,2
BRDA:70,13,1,2
BRF:29
BRH:29
end_of_record
